2025-02-21 23:06:58,742 - Loaded spaCy model in 2.59 seconds
2025-02-21 23:06:58,743 - Processing file: c:\Users\locng\Documents\ECS193\geo-data-visualizer\src\geo\data\csv\expert_profiles.csv
2025-02-21 23:06:59,162 - Batch 0-10 processed in 0.37 seconds | Locations found: 0 | Total locations: 0
2025-02-21 23:07:00,450 - Batch 10-20 processed in 1.29 seconds | Locations found: 0 | Total locations: 0
2025-02-21 23:07:01,549 - Batch 20-30 processed in 1.10 seconds | Locations found: 0 | Total locations: 0
2025-02-21 23:07:02,674 - Batch 30-40 processed in 1.12 seconds | Locations found: 0 | Total locations: 0
2025-02-21 23:07:04,528 - Batch 40-50 processed in 1.85 seconds | Locations found: 1 | Total locations: 1
2025-02-21 23:07:05,081 - Batch 50-60 processed in 0.55 seconds | Locations found: 0 | Total locations: 1
2025-02-21 23:07:05,830 - Batch 60-70 processed in 0.75 seconds | Locations found: 0 | Total locations: 1
2025-02-21 23:07:07,990 - Retrying (Retry(total=1, connect=None, read=None, redirect=None, status=None)) after connection broken by 'ReadTimeoutError("HTTPSConnectionPool(host='nominatim.openstreetmap.org', port=443): Read timed out. (read timeout=1)")': /search?q=Mali&format=json&limit=1
2025-02-21 23:07:09,387 - Retrying (Retry(total=0, connect=None, read=None, redirect=None, status=None)) after connection broken by 'ReadTimeoutError("HTTPSConnectionPool(host='nominatim.openstreetmap.org', port=443): Read timed out. (read timeout=1)")': /search?q=Mali&format=json&limit=1
2025-02-21 23:07:10,496 - Batch 70-80 processed in 4.66 seconds | Locations found: 2 | Total locations: 3
2025-02-21 23:07:10,877 - Batch 80-90 processed in 0.38 seconds | Locations found: 0 | Total locations: 3
2025-02-21 23:07:11,207 - Batch 90-100 processed in 0.33 seconds | Locations found: 0 | Total locations: 3
2025-02-21 23:07:12,909 - Retrying (Retry(total=1, connect=None, read=None, redirect=None, status=None)) after connection broken by 'ReadTimeoutError("HTTPSConnectionPool(host='nominatim.openstreetmap.org', port=443): Read timed out. (read timeout=1)")': /search?q=Baltimore&format=json&limit=1
2025-02-21 23:07:14,153 - Batch 100-110 processed in 2.95 seconds | Locations found: 1 | Total locations: 4
2025-02-21 23:07:14,449 - Batch 110-120 processed in 0.30 seconds | Locations found: 0 | Total locations: 4
2025-02-21 23:07:14,937 - Batch 120-130 processed in 0.49 seconds | Locations found: 0 | Total locations: 4
2025-02-21 23:07:15,610 - Batch 130-140 processed in 0.67 seconds | Locations found: 0 | Total locations: 4
2025-02-21 23:07:17,695 - Batch 140-150 processed in 2.08 seconds | Locations found: 1 | Total locations: 5
2025-02-21 23:07:18,080 - Batch 150-160 processed in 0.38 seconds | Locations found: 0 | Total locations: 5
2025-02-21 23:07:20,954 - Batch 160-170 processed in 2.87 seconds | Locations found: 3 | Total locations: 8
2025-02-21 23:07:21,359 - Batch 170-180 processed in 0.40 seconds | Locations found: 0 | Total locations: 8
2025-02-21 23:07:21,721 - Batch 180-190 processed in 0.36 seconds | Locations found: 0 | Total locations: 8
2025-02-21 23:07:22,127 - Batch 190-200 processed in 0.40 seconds | Locations found: 0 | Total locations: 8
2025-02-21 23:07:22,807 - Batch 200-210 processed in 0.68 seconds | Locations found: 0 | Total locations: 8
2025-02-21 23:07:26,658 - Batch 210-220 processed in 3.85 seconds | Locations found: 1 | Total locations: 9
2025-02-21 23:07:27,747 - Batch 220-230 processed in 1.09 seconds | Locations found: 1 | Total locations: 10
2025-02-21 23:07:28,075 - Batch 230-240 processed in 0.33 seconds | Locations found: 0 | Total locations: 10
2025-02-21 23:07:29,161 - Batch 240-250 processed in 1.09 seconds | Locations found: 1 | Total locations: 11
2025-02-21 23:07:31,192 - Batch 250-260 processed in 2.03 seconds | Locations found: 2 | Total locations: 13
2025-02-21 23:07:32,187 - Batch 260-270 processed in 0.99 seconds | Locations found: 1 | Total locations: 14
2025-02-21 23:07:32,557 - Batch 270-280 processed in 0.37 seconds | Locations found: 0 | Total locations: 14
2025-02-21 23:07:33,108 - Batch 280-290 processed in 0.55 seconds | Locations found: 0 | Total locations: 14
2025-02-21 23:07:33,985 - Batch 290-300 processed in 0.88 seconds | Locations found: 0 | Total locations: 14
2025-02-21 23:07:36,312 - Batch 300-310 processed in 2.33 seconds | Locations found: 0 | Total locations: 14
2025-02-21 23:07:36,834 - Batch 310-320 processed in 0.52 seconds | Locations found: 0 | Total locations: 14
2025-02-21 23:07:37,451 - Batch 320-330 processed in 0.62 seconds | Locations found: 0 | Total locations: 14
2025-02-21 23:07:38,484 - Batch 330-340 processed in 1.03 seconds | Locations found: 1 | Total locations: 15
2025-02-21 23:07:39,916 - Batch 340-350 processed in 1.43 seconds | Locations found: 1 | Total locations: 16
2025-02-21 23:07:41,108 - Batch 350-360 processed in 1.19 seconds | Locations found: 0 | Total locations: 16
2025-02-21 23:07:42,271 - Batch 360-370 processed in 1.16 seconds | Locations found: 0 | Total locations: 16
2025-02-21 23:07:46,706 - Batch 370-380 processed in 4.43 seconds | Locations found: 2 | Total locations: 18
2025-02-21 23:07:48,673 - Batch 380-390 processed in 1.97 seconds | Locations found: 1 | Total locations: 19
2025-02-21 23:07:49,112 - Batch 390-400 processed in 0.44 seconds | Locations found: 0 | Total locations: 19
2025-02-21 23:07:49,652 - Batch 400-410 processed in 0.54 seconds | Locations found: 0 | Total locations: 19
2025-02-21 23:07:50,986 - Batch 410-420 processed in 1.33 seconds | Locations found: 0 | Total locations: 19
2025-02-21 23:07:51,563 - Batch 420-430 processed in 0.58 seconds | Locations found: 0 | Total locations: 19
2025-02-21 23:07:52,497 - Batch 430-440 processed in 0.93 seconds | Locations found: 0 | Total locations: 19
2025-02-21 23:07:53,623 - Batch 440-450 processed in 1.12 seconds | Locations found: 1 | Total locations: 20
2025-02-21 23:07:54,616 - Batch 450-460 processed in 0.99 seconds | Locations found: 0 | Total locations: 20
2025-02-21 23:07:55,697 - Batch 460-470 processed in 1.08 seconds | Locations found: 0 | Total locations: 20
2025-02-21 23:07:56,691 - Batch 470-480 processed in 0.99 seconds | Locations found: 0 | Total locations: 20
2025-02-21 23:07:57,683 - Batch 480-490 processed in 0.99 seconds | Locations found: 0 | Total locations: 20
2025-02-21 23:07:58,682 - Batch 490-500 processed in 1.00 seconds | Locations found: 0 | Total locations: 20
2025-02-21 23:07:59,516 - Batch 500-510 processed in 0.83 seconds | Locations found: 0 | Total locations: 20
2025-02-21 23:08:00,514 - Batch 510-520 processed in 1.00 seconds | Locations found: 0 | Total locations: 20
2025-02-21 23:08:01,887 - Batch 520-530 processed in 1.37 seconds | Locations found: 0 | Total locations: 20
2025-02-21 23:08:02,976 - Batch 530-540 processed in 1.09 seconds | Locations found: 0 | Total locations: 20
2025-02-21 23:08:04,573 - Batch 540-550 processed in 1.60 seconds | Locations found: 1 | Total locations: 21
2025-02-21 23:08:05,701 - Batch 550-560 processed in 1.13 seconds | Locations found: 0 | Total locations: 21
2025-02-21 23:08:06,593 - Batch 560-570 processed in 0.89 seconds | Locations found: 0 | Total locations: 21
2025-02-21 23:08:07,734 - Batch 570-580 processed in 1.14 seconds | Locations found: 0 | Total locations: 21
2025-02-21 23:08:08,681 - Batch 580-590 processed in 0.95 seconds | Locations found: 0 | Total locations: 21
2025-02-21 23:08:09,804 - Batch 590-600 processed in 1.12 seconds | Locations found: 0 | Total locations: 21
2025-02-21 23:08:11,304 - Batch 600-610 processed in 1.50 seconds | Locations found: 0 | Total locations: 21
2025-02-21 23:08:14,454 - Batch 610-620 processed in 3.15 seconds | Locations found: 3 | Total locations: 24
2025-02-21 23:08:14,833 - Batch 620-630 processed in 0.38 seconds | Locations found: 0 | Total locations: 24
2025-02-21 23:08:15,406 - Batch 630-640 processed in 0.57 seconds | Locations found: 1 | Total locations: 25
2025-02-21 23:08:16,486 - Batch 640-650 processed in 1.08 seconds | Locations found: 1 | Total locations: 26
2025-02-21 23:08:16,933 - Batch 650-660 processed in 0.45 seconds | Locations found: 0 | Total locations: 26
2025-02-21 23:08:17,561 - Batch 660-670 processed in 0.63 seconds | Locations found: 0 | Total locations: 26
2025-02-21 23:08:19,195 - Batch 670-680 processed in 1.63 seconds | Locations found: 0 | Total locations: 26
2025-02-21 23:08:20,165 - Batch 680-690 processed in 0.97 seconds | Locations found: 0 | Total locations: 26
2025-02-21 23:08:21,011 - Batch 690-700 processed in 0.84 seconds | Locations found: 0 | Total locations: 26
2025-02-21 23:08:21,941 - Batch 700-710 processed in 0.93 seconds | Locations found: 1 | Total locations: 27
2025-02-21 23:08:22,654 - Batch 710-720 processed in 0.71 seconds | Locations found: 0 | Total locations: 27
2025-02-21 23:08:23,508 - Batch 720-730 processed in 0.85 seconds | Locations found: 0 | Total locations: 27
2025-02-21 23:08:24,106 - Batch 730-740 processed in 0.60 seconds | Locations found: 0 | Total locations: 27
2025-02-21 23:08:25,221 - Batch 740-750 processed in 1.12 seconds | Locations found: 0 | Total locations: 27
2025-02-21 23:08:25,866 - Batch 750-760 processed in 0.64 seconds | Locations found: 0 | Total locations: 27
2025-02-21 23:08:26,455 - Batch 760-770 processed in 0.59 seconds | Locations found: 0 | Total locations: 27
2025-02-21 23:08:27,361 - Batch 770-780 processed in 0.90 seconds | Locations found: 0 | Total locations: 27
2025-02-21 23:08:28,173 - Batch 780-790 processed in 0.81 seconds | Locations found: 0 | Total locations: 27
2025-02-21 23:08:29,628 - Batch 790-800 processed in 1.45 seconds | Locations found: 1 | Total locations: 28
2025-02-21 23:08:30,600 - Batch 800-810 processed in 0.97 seconds | Locations found: 1 | Total locations: 29
2025-02-21 23:08:31,233 - Batch 810-820 processed in 0.63 seconds | Locations found: 0 | Total locations: 29
2025-02-21 23:08:32,179 - Batch 820-830 processed in 0.94 seconds | Locations found: 0 | Total locations: 29
2025-02-21 23:08:33,122 - Batch 830-840 processed in 0.94 seconds | Locations found: 0 | Total locations: 29
2025-02-21 23:08:34,135 - Batch 840-850 processed in 1.01 seconds | Locations found: 0 | Total locations: 29
2025-02-21 23:08:34,859 - Batch 850-860 processed in 0.72 seconds | Locations found: 0 | Total locations: 29
2025-02-21 23:08:35,543 - Batch 860-870 processed in 0.68 seconds | Locations found: 0 | Total locations: 29
2025-02-21 23:08:36,658 - Batch 870-880 processed in 1.11 seconds | Locations found: 1 | Total locations: 30
2025-02-21 23:08:37,599 - Batch 880-890 processed in 0.94 seconds | Locations found: 1 | Total locations: 31
2025-02-21 23:08:38,224 - Batch 890-900 processed in 0.62 seconds | Locations found: 0 | Total locations: 31
2025-02-21 23:08:38,859 - Batch 900-910 processed in 0.63 seconds | Locations found: 0 | Total locations: 31
2025-02-21 23:08:39,541 - Batch 910-920 processed in 0.68 seconds | Locations found: 0 | Total locations: 31
2025-02-21 23:08:40,525 - Batch 920-930 processed in 0.98 seconds | Locations found: 1 | Total locations: 32
2025-02-21 23:08:41,229 - Batch 930-940 processed in 0.70 seconds | Locations found: 0 | Total locations: 32
2025-02-21 23:08:44,978 - Retrying (Retry(total=1, connect=None, read=None, redirect=None, status=None)) after connection broken by 'ReadTimeoutError("HTTPSConnectionPool(host='nominatim.openstreetmap.org', port=443): Read timed out. (read timeout=1)")': /search?q=Peru&format=json&limit=1
2025-02-21 23:08:45,993 - Batch 940-950 processed in 4.76 seconds | Locations found: 3 | Total locations: 35
2025-02-21 23:08:46,914 - Batch 950-960 processed in 0.92 seconds | Locations found: 1 | Total locations: 36
2025-02-21 23:08:48,887 - Batch 960-970 processed in 1.97 seconds | Locations found: 2 | Total locations: 38
2025-02-21 23:08:50,017 - Batch 970-980 processed in 1.13 seconds | Locations found: 1 | Total locations: 39
2025-02-21 23:08:50,440 - Batch 980-990 processed in 0.42 seconds | Locations found: 0 | Total locations: 39
2025-02-21 23:08:51,367 - Batch 990-1000 processed in 0.93 seconds | Locations found: 0 | Total locations: 39
2025-02-21 23:08:51,831 - Batch 1000-1010 processed in 0.46 seconds | Locations found: 0 | Total locations: 39
2025-02-21 23:08:52,867 - Batch 1010-1020 processed in 1.04 seconds | Locations found: 0 | Total locations: 39
2025-02-21 23:08:53,776 - Batch 1020-1030 processed in 0.91 seconds | Locations found: 0 | Total locations: 39
2025-02-21 23:08:56,557 - Batch 1030-1040 processed in 2.78 seconds | Locations found: 1 | Total locations: 40
2025-02-21 23:08:57,536 - Batch 1040-1050 processed in 0.98 seconds | Locations found: 0 | Total locations: 40
2025-02-21 23:08:58,528 - Batch 1050-1060 processed in 0.99 seconds | Locations found: 0 | Total locations: 40
2025-02-21 23:08:59,962 - Batch 1060-1070 processed in 1.43 seconds | Locations found: 1 | Total locations: 41
2025-02-21 23:09:00,961 - Batch 1070-1080 processed in 1.00 seconds | Locations found: 0 | Total locations: 41
2025-02-21 23:09:01,639 - Batch 1080-1090 processed in 0.68 seconds | Locations found: 0 | Total locations: 41
2025-02-21 23:09:02,201 - Batch 1090-1100 processed in 0.56 seconds | Locations found: 0 | Total locations: 41
2025-02-21 23:09:02,882 - Batch 1100-1110 processed in 0.68 seconds | Locations found: 0 | Total locations: 41
2025-02-21 23:09:05,186 - Batch 1110-1120 processed in 2.30 seconds | Locations found: 1 | Total locations: 42
2025-02-21 23:09:05,718 - Batch 1120-1130 processed in 0.53 seconds | Locations found: 0 | Total locations: 42
2025-02-21 23:09:06,422 - Batch 1130-1140 processed in 0.70 seconds | Locations found: 0 | Total locations: 42
2025-02-21 23:09:07,026 - Batch 1140-1150 processed in 0.60 seconds | Locations found: 0 | Total locations: 42
2025-02-21 23:09:07,574 - Batch 1150-1160 processed in 0.55 seconds | Locations found: 0 | Total locations: 42
2025-02-21 23:09:08,480 - Batch 1160-1170 processed in 0.90 seconds | Locations found: 0 | Total locations: 42
2025-02-21 23:09:09,890 - Batch 1170-1180 processed in 1.41 seconds | Locations found: 0 | Total locations: 42
2025-02-21 23:09:10,615 - Batch 1180-1190 processed in 0.72 seconds | Locations found: 0 | Total locations: 42
2025-02-21 23:09:11,245 - Batch 1190-1200 processed in 0.63 seconds | Locations found: 0 | Total locations: 42
2025-02-21 23:09:12,361 - Batch 1200-1210 processed in 1.12 seconds | Locations found: 0 | Total locations: 42
2025-02-21 23:09:13,424 - Batch 1210-1220 processed in 1.06 seconds | Locations found: 0 | Total locations: 42
2025-02-21 23:09:14,329 - Batch 1220-1230 processed in 0.90 seconds | Locations found: 0 | Total locations: 42
2025-02-21 23:09:15,392 - Batch 1230-1240 processed in 1.06 seconds | Locations found: 0 | Total locations: 42
2025-02-21 23:09:16,280 - Batch 1240-1250 processed in 0.89 seconds | Locations found: 0 | Total locations: 42
2025-02-21 23:09:17,034 - Batch 1250-1260 processed in 0.75 seconds | Locations found: 0 | Total locations: 42
2025-02-21 23:09:18,150 - Batch 1260-1270 processed in 1.12 seconds | Locations found: 0 | Total locations: 42
2025-02-21 23:09:19,028 - Batch 1270-1280 processed in 0.88 seconds | Locations found: 0 | Total locations: 42
2025-02-21 23:09:20,305 - Batch 1280-1290 processed in 1.28 seconds | Locations found: 0 | Total locations: 42
2025-02-21 23:09:20,926 - Batch 1290-1300 processed in 0.62 seconds | Locations found: 0 | Total locations: 42
2025-02-21 23:09:21,710 - Batch 1300-1310 processed in 0.78 seconds | Locations found: 1 | Total locations: 43
2025-02-21 23:09:24,847 - Batch 1310-1320 processed in 3.14 seconds | Locations found: 3 | Total locations: 46
2025-02-21 23:09:25,378 - Batch 1320-1330 processed in 0.53 seconds | Locations found: 0 | Total locations: 46
2025-02-21 23:09:25,776 - Batch 1330-1340 processed in 0.40 seconds | Locations found: 0 | Total locations: 46
2025-02-21 23:09:26,383 - Batch 1340-1350 processed in 0.61 seconds | Locations found: 0 | Total locations: 46
2025-02-21 23:09:26,959 - Batch 1350-1360 processed in 0.58 seconds | Locations found: 0 | Total locations: 46
2025-02-21 23:09:27,889 - Batch 1360-1370 processed in 0.93 seconds | Locations found: 0 | Total locations: 46
2025-02-21 23:09:28,369 - Batch 1370-1380 processed in 0.48 seconds | Locations found: 0 | Total locations: 46
2025-02-21 23:09:29,069 - Batch 1380-1390 processed in 0.70 seconds | Locations found: 0 | Total locations: 46
2025-02-21 23:09:30,078 - Batch 1390-1400 processed in 1.01 seconds | Locations found: 0 | Total locations: 46
2025-02-21 23:09:30,776 - Batch 1400-1410 processed in 0.70 seconds | Locations found: 0 | Total locations: 46
2025-02-21 23:09:34,644 - Batch 1410-1420 processed in 3.87 seconds | Locations found: 3 | Total locations: 49
2025-02-21 23:09:35,007 - Batch 1420-1430 processed in 0.36 seconds | Locations found: 0 | Total locations: 49
2025-02-21 23:09:35,427 - Batch 1430-1440 processed in 0.42 seconds | Locations found: 0 | Total locations: 49
2025-02-21 23:09:36,221 - Batch 1440-1450 processed in 0.79 seconds | Locations found: 0 | Total locations: 49
2025-02-21 23:09:36,788 - Batch 1450-1460 processed in 0.57 seconds | Locations found: 0 | Total locations: 49
2025-02-21 23:09:37,775 - Batch 1460-1470 processed in 0.99 seconds | Locations found: 1 | Total locations: 50
2025-02-21 23:09:38,789 - Batch 1470-1480 processed in 1.01 seconds | Locations found: 1 | Total locations: 51
2025-02-21 23:09:39,348 - Batch 1480-1490 processed in 0.56 seconds | Locations found: 0 | Total locations: 51
2025-02-21 23:09:40,533 - Batch 1490-1500 processed in 1.18 seconds | Locations found: 0 | Total locations: 51
2025-02-21 23:09:41,972 - Batch 1500-1510 processed in 1.44 seconds | Locations found: 1 | Total locations: 52
2025-02-21 23:09:42,305 - Batch 1510-1520 processed in 0.33 seconds | Locations found: 0 | Total locations: 52
2025-02-21 23:09:42,789 - Batch 1520-1530 processed in 0.48 seconds | Locations found: 0 | Total locations: 52
2025-02-21 23:09:43,228 - Batch 1530-1540 processed in 0.44 seconds | Locations found: 0 | Total locations: 52
2025-02-21 23:09:45,354 - Batch 1540-1550 processed in 2.13 seconds | Locations found: 2 | Total locations: 54
2025-02-21 23:09:45,715 - Batch 1550-1560 processed in 0.36 seconds | Locations found: 0 | Total locations: 54
2025-02-21 23:09:45,986 - Batch 1560-1570 processed in 0.27 seconds | Locations found: 0 | Total locations: 54
2025-02-21 23:09:46,360 - Batch 1570-1580 processed in 0.37 seconds | Locations found: 0 | Total locations: 54
2025-02-21 23:09:47,005 - Batch 1580-1590 processed in 0.64 seconds | Locations found: 0 | Total locations: 54
2025-02-21 23:09:47,487 - Batch 1590-1600 processed in 0.48 seconds | Locations found: 0 | Total locations: 54
2025-02-21 23:09:48,258 - Batch 1600-1610 processed in 0.77 seconds | Locations found: 0 | Total locations: 54
2025-02-21 23:09:49,013 - Batch 1610-1620 processed in 0.75 seconds | Locations found: 0 | Total locations: 54
2025-02-21 23:09:50,098 - Batch 1620-1630 processed in 1.09 seconds | Locations found: 0 | Total locations: 54
2025-02-21 23:09:50,915 - Batch 1630-1640 processed in 0.82 seconds | Locations found: 0 | Total locations: 54
2025-02-21 23:09:51,748 - Batch 1640-1650 processed in 0.83 seconds | Locations found: 0 | Total locations: 54
2025-02-21 23:09:52,558 - Batch 1650-1660 processed in 0.81 seconds | Locations found: 0 | Total locations: 54
2025-02-21 23:09:53,348 - Batch 1660-1670 processed in 0.79 seconds | Locations found: 0 | Total locations: 54
2025-02-21 23:09:55,112 - Retrying (Retry(total=1, connect=None, read=None, redirect=None, status=None)) after connection broken by 'ReadTimeoutError("HTTPSConnectionPool(host='nominatim.openstreetmap.org', port=443): Read timed out. (read timeout=1)")': /search?q=Ontario%2C+Canada&format=json&limit=1
2025-02-21 23:09:55,585 - Batch 1670-1680 processed in 2.24 seconds | Locations found: 1 | Total locations: 55
2025-02-21 23:09:56,008 - Batch 1680-1690 processed in 0.42 seconds | Locations found: 0 | Total locations: 55
2025-02-21 23:09:56,941 - Batch 1690-1700 processed in 0.93 seconds | Locations found: 0 | Total locations: 55
2025-02-21 23:09:58,052 - Batch 1700-1710 processed in 1.11 seconds | Locations found: 0 | Total locations: 55
2025-02-21 23:09:58,766 - Batch 1710-1720 processed in 0.71 seconds | Locations found: 0 | Total locations: 55
2025-02-21 23:09:59,780 - Batch 1720-1730 processed in 1.01 seconds | Locations found: 0 | Total locations: 55
2025-02-21 23:10:00,348 - Batch 1730-1740 processed in 0.57 seconds | Locations found: 0 | Total locations: 55
2025-02-21 23:10:01,888 - Batch 1740-1750 processed in 1.54 seconds | Locations found: 0 | Total locations: 55
2025-02-21 23:10:02,733 - Batch 1750-1760 processed in 0.84 seconds | Locations found: 0 | Total locations: 55
2025-02-21 23:10:03,951 - Batch 1760-1770 processed in 1.22 seconds | Locations found: 1 | Total locations: 56
2025-02-21 23:10:04,480 - Batch 1770-1780 processed in 0.53 seconds | Locations found: 0 | Total locations: 56
2025-02-21 23:10:05,534 - Batch 1780-1790 processed in 1.05 seconds | Locations found: 0 | Total locations: 56
2025-02-21 23:10:06,072 - Batch 1790-1800 processed in 0.54 seconds | Locations found: 0 | Total locations: 56
2025-02-21 23:10:08,110 - Batch 1800-1810 processed in 2.04 seconds | Locations found: 2 | Total locations: 58
2025-02-21 23:10:09,125 - Batch 1810-1820 processed in 1.02 seconds | Locations found: 1 | Total locations: 59
2025-02-21 23:10:10,067 - Batch 1820-1830 processed in 0.94 seconds | Locations found: 1 | Total locations: 60
2025-02-21 23:10:10,675 - Batch 1830-1840 processed in 0.61 seconds | Locations found: 0 | Total locations: 60
2025-02-21 23:10:11,482 - Batch 1840-1850 processed in 0.81 seconds | Locations found: 0 | Total locations: 60
2025-02-21 23:10:12,224 - Batch 1850-1860 processed in 0.74 seconds | Locations found: 0 | Total locations: 60
2025-02-21 23:10:13,505 - Batch 1860-1870 processed in 1.28 seconds | Locations found: 0 | Total locations: 60
2025-02-21 23:10:14,100 - Batch 1870-1880 processed in 0.59 seconds | Locations found: 0 | Total locations: 60
2025-02-21 23:10:14,943 - Batch 1880-1890 processed in 0.84 seconds | Locations found: 0 | Total locations: 60
2025-02-21 23:10:15,963 - Batch 1890-1900 processed in 1.02 seconds | Locations found: 0 | Total locations: 60
2025-02-21 23:10:17,607 - Batch 1900-1910 processed in 1.64 seconds | Locations found: 1 | Total locations: 61
2025-02-21 23:10:18,309 - Batch 1910-1920 processed in 0.70 seconds | Locations found: 1 | Total locations: 62
2025-02-21 23:10:19,351 - Batch 1920-1930 processed in 1.04 seconds | Locations found: 1 | Total locations: 63
2025-02-21 23:10:20,313 - Batch 1930-1940 processed in 0.96 seconds | Locations found: 1 | Total locations: 64
2025-02-21 23:10:22,331 - Batch 1940-1950 processed in 2.02 seconds | Locations found: 2 | Total locations: 66
2025-02-21 23:10:22,796 - Batch 1950-1960 processed in 0.46 seconds | Locations found: 0 | Total locations: 66
2025-02-21 23:10:23,378 - Batch 1960-1970 processed in 0.58 seconds | Locations found: 0 | Total locations: 66
2025-02-21 23:10:25,148 - Retrying (Retry(total=1, connect=None, read=None, redirect=None, status=None)) after connection broken by 'ReadTimeoutError("HTTPSConnectionPool(host='nominatim.openstreetmap.org', port=443): Read timed out. (read timeout=1)")': /search?q=Ontario&format=json&limit=1
2025-02-21 23:10:28,050 - Batch 1970-1980 processed in 4.67 seconds | Locations found: 4 | Total locations: 70
2025-02-21 23:10:28,434 - Batch 1980-1990 processed in 0.38 seconds | Locations found: 0 | Total locations: 70
2025-02-21 23:10:28,678 - Batch 1990-2000 processed in 0.24 seconds | Locations found: 0 | Total locations: 70
2025-02-21 23:10:29,033 - Batch 2000-2010 processed in 0.35 seconds | Locations found: 0 | Total locations: 70
2025-02-21 23:10:29,372 - Batch 2010-2020 processed in 0.34 seconds | Locations found: 0 | Total locations: 70
2025-02-21 23:10:30,380 - Batch 2020-2030 processed in 1.01 seconds | Locations found: 1 | Total locations: 71
2025-02-21 23:10:30,729 - Batch 2030-2040 processed in 0.35 seconds | Locations found: 0 | Total locations: 71
2025-02-21 23:10:31,482 - Batch 2040-2050 processed in 0.75 seconds | Locations found: 1 | Total locations: 72
2025-02-21 23:10:31,840 - Batch 2050-2060 processed in 0.36 seconds | Locations found: 0 | Total locations: 72
2025-02-21 23:10:32,604 - Batch 2060-2070 processed in 0.76 seconds | Locations found: 1 | Total locations: 73
2025-02-21 23:10:33,599 - Batch 2070-2080 processed in 0.99 seconds | Locations found: 0 | Total locations: 73
2025-02-21 23:10:35,757 - Batch 2080-2090 processed in 2.16 seconds | Locations found: 2 | Total locations: 75
2025-02-21 23:10:36,795 - Batch 2090-2100 processed in 1.04 seconds | Locations found: 1 | Total locations: 76
2025-02-21 23:10:37,210 - Batch 2100-2110 processed in 0.41 seconds | Locations found: 0 | Total locations: 76
2025-02-21 23:10:37,584 - Batch 2110-2120 processed in 0.37 seconds | Locations found: 0 | Total locations: 76
2025-02-21 23:10:40,364 - Batch 2120-2130 processed in 2.78 seconds | Locations found: 1 | Total locations: 77
2025-02-21 23:10:40,740 - Batch 2130-2140 processed in 0.38 seconds | Locations found: 0 | Total locations: 77
2025-02-21 23:10:41,084 - Batch 2140-2150 processed in 0.34 seconds | Locations found: 0 | Total locations: 77
2025-02-21 23:10:41,587 - Batch 2150-2160 processed in 0.50 seconds | Locations found: 0 | Total locations: 77
2025-02-21 23:10:42,275 - Batch 2160-2170 processed in 0.69 seconds | Locations found: 0 | Total locations: 77
2025-02-21 23:10:42,968 - Batch 2170-2180 processed in 0.69 seconds | Locations found: 0 | Total locations: 77
2025-02-21 23:10:44,336 - Batch 2180-2190 processed in 1.37 seconds | Locations found: 0 | Total locations: 77
2025-02-21 23:10:45,215 - Batch 2190-2200 processed in 0.88 seconds | Locations found: 0 | Total locations: 77
2025-02-21 23:10:46,118 - Batch 2200-2210 processed in 0.90 seconds | Locations found: 0 | Total locations: 77
2025-02-21 23:10:46,905 - Batch 2210-2220 processed in 0.79 seconds | Locations found: 0 | Total locations: 77
2025-02-21 23:10:47,858 - Batch 2220-2230 processed in 0.95 seconds | Locations found: 0 | Total locations: 77
2025-02-21 23:10:48,656 - Batch 2230-2240 processed in 0.80 seconds | Locations found: 1 | Total locations: 78
2025-02-21 23:10:49,333 - Batch 2240-2250 processed in 0.68 seconds | Locations found: 0 | Total locations: 78
2025-02-21 23:10:50,079 - Batch 2250-2260 processed in 0.75 seconds | Locations found: 0 | Total locations: 78
2025-02-21 23:10:50,797 - Batch 2260-2270 processed in 0.72 seconds | Locations found: 1 | Total locations: 79
2025-02-21 23:10:51,493 - Batch 2270-2280 processed in 0.69 seconds | Locations found: 0 | Total locations: 79
2025-02-21 23:10:52,008 - Batch 2280-2290 processed in 0.51 seconds | Locations found: 0 | Total locations: 79
2025-02-21 23:10:52,655 - Batch 2290-2300 processed in 0.65 seconds | Locations found: 0 | Total locations: 79
2025-02-21 23:10:53,284 - Batch 2300-2310 processed in 0.63 seconds | Locations found: 0 | Total locations: 79
2025-02-21 23:10:54,157 - Batch 2310-2320 processed in 0.87 seconds | Locations found: 0 | Total locations: 79
2025-02-21 23:10:55,339 - Batch 2320-2330 processed in 1.18 seconds | Locations found: 1 | Total locations: 80
2025-02-21 23:10:55,937 - Batch 2330-2340 processed in 0.60 seconds | Locations found: 0 | Total locations: 80
2025-02-21 23:10:56,723 - Batch 2340-2350 processed in 0.79 seconds | Locations found: 1 | Total locations: 81
2025-02-21 23:10:58,838 - Batch 2350-2360 processed in 2.11 seconds | Locations found: 2 | Total locations: 83
2025-02-21 23:10:59,846 - Batch 2360-2370 processed in 1.01 seconds | Locations found: 0 | Total locations: 83
2025-02-21 23:11:00,969 - Batch 2370-2380 processed in 1.12 seconds | Locations found: 1 | Total locations: 84
2025-02-21 23:11:01,750 - Batch 2380-2390 processed in 0.78 seconds | Locations found: 0 | Total locations: 84
2025-02-21 23:11:02,766 - Batch 2390-2400 processed in 1.02 seconds | Locations found: 1 | Total locations: 85
2025-02-21 23:11:03,382 - Batch 2400-2410 processed in 0.62 seconds | Locations found: 0 | Total locations: 85
2025-02-21 23:11:04,699 - Batch 2410-2420 processed in 1.32 seconds | Locations found: 0 | Total locations: 85
2025-02-21 23:11:05,238 - Batch 2420-2430 processed in 0.54 seconds | Locations found: 0 | Total locations: 85
2025-02-21 23:11:05,761 - Batch 2430-2440 processed in 0.52 seconds | Locations found: 0 | Total locations: 85
2025-02-21 23:11:06,663 - Batch 2440-2450 processed in 0.90 seconds | Locations found: 0 | Total locations: 85
2025-02-21 23:11:07,285 - Batch 2450-2460 processed in 0.62 seconds | Locations found: 0 | Total locations: 85
2025-02-21 23:11:07,887 - Batch 2460-2470 processed in 0.60 seconds | Locations found: 0 | Total locations: 85
2025-02-21 23:11:08,604 - Batch 2470-2480 processed in 0.71 seconds | Locations found: 0 | Total locations: 85
2025-02-21 23:11:09,385 - Batch 2480-2490 processed in 0.78 seconds | Locations found: 0 | Total locations: 85
2025-02-21 23:11:10,002 - Batch 2490-2500 processed in 0.62 seconds | Locations found: 0 | Total locations: 85
2025-02-21 23:11:11,884 - Retrying (Retry(total=1, connect=None, read=None, redirect=None, status=None)) after connection broken by 'ReadTimeoutError("HTTPSConnectionPool(host='nominatim.openstreetmap.org', port=443): Read timed out. (read timeout=1)")': /search?q=Diamond&format=json&limit=1
2025-02-21 23:11:12,080 - Batch 2500-2510 processed in 2.08 seconds | Locations found: 1 | Total locations: 86
2025-02-21 23:11:13,082 - Batch 2510-2520 processed in 1.00 seconds | Locations found: 1 | Total locations: 87
2025-02-21 23:11:14,116 - Batch 2520-2530 processed in 1.03 seconds | Locations found: 1 | Total locations: 88
2025-02-21 23:11:14,587 - Batch 2530-2540 processed in 0.47 seconds | Locations found: 0 | Total locations: 88
2025-02-21 23:11:15,213 - Batch 2540-2550 processed in 0.62 seconds | Locations found: 0 | Total locations: 88
2025-02-21 23:11:15,864 - Batch 2550-2560 processed in 0.65 seconds | Locations found: 0 | Total locations: 88
2025-02-21 23:11:16,370 - Batch 2560-2570 processed in 0.50 seconds | Locations found: 0 | Total locations: 88
2025-02-21 23:11:17,383 - Batch 2570-2580 processed in 1.01 seconds | Locations found: 0 | Total locations: 88
2025-02-21 23:11:20,111 - Batch 2580-2590 processed in 2.73 seconds | Locations found: 3 | Total locations: 91
2025-02-21 23:11:20,353 - Batch 2590-2600 processed in 0.24 seconds | Locations found: 0 | Total locations: 91
2025-02-21 23:11:20,708 - Batch 2600-2610 processed in 0.35 seconds | Locations found: 0 | Total locations: 91
2025-02-21 23:11:21,103 - Batch 2610-2620 processed in 0.40 seconds | Locations found: 0 | Total locations: 91
2025-02-21 23:11:21,553 - Batch 2620-2630 processed in 0.45 seconds | Locations found: 0 | Total locations: 91
2025-02-21 23:11:22,413 - Batch 2630-2640 processed in 0.86 seconds | Locations found: 0 | Total locations: 91
2025-02-21 23:11:23,156 - Batch 2640-2650 processed in 0.74 seconds | Locations found: 0 | Total locations: 91
2025-02-21 23:11:24,014 - Batch 2650-2660 processed in 0.86 seconds | Locations found: 0 | Total locations: 91
2025-02-21 23:11:24,779 - Batch 2660-2670 processed in 0.76 seconds | Locations found: 0 | Total locations: 91
2025-02-21 23:11:25,315 - Batch 2670-2680 processed in 0.54 seconds | Locations found: 0 | Total locations: 91
2025-02-21 23:11:25,983 - Batch 2680-2690 processed in 0.67 seconds | Locations found: 0 | Total locations: 91
2025-02-21 23:11:26,682 - Batch 2690-2700 processed in 0.70 seconds | Locations found: 0 | Total locations: 91
2025-02-21 23:11:27,319 - Batch 2700-2710 processed in 0.63 seconds | Locations found: 0 | Total locations: 91
2025-02-21 23:11:28,337 - Batch 2710-2720 processed in 1.02 seconds | Locations found: 0 | Total locations: 91
2025-02-21 23:11:28,957 - Batch 2720-2730 processed in 0.62 seconds | Locations found: 0 | Total locations: 91
2025-02-21 23:11:29,591 - Batch 2730-2740 processed in 0.63 seconds | Locations found: 0 | Total locations: 91
2025-02-21 23:11:30,425 - Batch 2740-2750 processed in 0.83 seconds | Locations found: 0 | Total locations: 91
2025-02-21 23:11:31,424 - Batch 2750-2760 processed in 1.00 seconds | Locations found: 1 | Total locations: 92
2025-02-21 23:11:31,979 - Batch 2760-2770 processed in 0.55 seconds | Locations found: 0 | Total locations: 92
2025-02-21 23:11:33,247 - Batch 2770-2780 processed in 1.27 seconds | Locations found: 0 | Total locations: 92
2025-02-21 23:11:33,799 - Batch 2780-2790 processed in 0.55 seconds | Locations found: 0 | Total locations: 92
2025-02-21 23:11:34,384 - Batch 2790-2800 processed in 0.58 seconds | Locations found: 0 | Total locations: 92
2025-02-21 23:11:37,356 - Batch 2800-2810 processed in 2.97 seconds | Locations found: 3 | Total locations: 95
2025-02-21 23:11:37,652 - Batch 2810-2820 processed in 0.29 seconds | Locations found: 0 | Total locations: 95
2025-02-21 23:11:38,406 - Batch 2820-2830 processed in 0.75 seconds | Locations found: 1 | Total locations: 96
2025-02-21 23:11:38,916 - Batch 2830-2840 processed in 0.51 seconds | Locations found: 0 | Total locations: 96
2025-02-21 23:11:39,478 - Batch 2840-2850 processed in 0.56 seconds | Locations found: 0 | Total locations: 96
2025-02-21 23:11:39,961 - Batch 2850-2860 processed in 0.48 seconds | Locations found: 0 | Total locations: 96
2025-02-21 23:11:41,158 - Batch 2860-2870 processed in 1.20 seconds | Locations found: 1 | Total locations: 97
2025-02-21 23:11:41,817 - Batch 2870-2880 processed in 0.66 seconds | Locations found: 0 | Total locations: 97
2025-02-21 23:11:42,626 - Batch 2880-2890 processed in 0.81 seconds | Locations found: 0 | Total locations: 97
2025-02-21 23:11:43,836 - Batch 2890-2900 processed in 1.21 seconds | Locations found: 0 | Total locations: 97
2025-02-21 23:11:44,558 - Batch 2900-2910 processed in 0.72 seconds | Locations found: 0 | Total locations: 97
2025-02-21 23:11:45,584 - Batch 2910-2920 processed in 1.03 seconds | Locations found: 0 | Total locations: 97
2025-02-21 23:11:46,336 - Batch 2920-2930 processed in 0.75 seconds | Locations found: 0 | Total locations: 97
2025-02-21 23:11:47,203 - Batch 2930-2940 processed in 0.87 seconds | Locations found: 1 | Total locations: 98
2025-02-21 23:11:48,357 - Batch 2940-2950 processed in 1.15 seconds | Locations found: 0 | Total locations: 98
2025-02-21 23:11:49,122 - Batch 2950-2960 processed in 0.76 seconds | Locations found: 0 | Total locations: 98
2025-02-21 23:11:50,049 - Batch 2960-2970 processed in 0.93 seconds | Locations found: 1 | Total locations: 99
2025-02-21 23:11:50,621 - Batch 2970-2980 processed in 0.57 seconds | Locations found: 0 | Total locations: 99
2025-02-21 23:11:51,232 - Batch 2980-2990 processed in 0.61 seconds | Locations found: 0 | Total locations: 99
2025-02-21 23:11:53,124 - Batch 2990-3000 processed in 1.89 seconds | Locations found: 2 | Total locations: 101
2025-02-21 23:11:53,451 - Batch 3000-3010 processed in 0.33 seconds | Locations found: 0 | Total locations: 101
2025-02-21 23:11:53,855 - Batch 3010-3020 processed in 0.40 seconds | Locations found: 0 | Total locations: 101
2025-02-21 23:11:54,432 - Batch 3020-3030 processed in 0.58 seconds | Locations found: 0 | Total locations: 101
2025-02-21 23:11:55,207 - Batch 3030-3040 processed in 0.77 seconds | Locations found: 0 | Total locations: 101
2025-02-21 23:11:56,069 - Batch 3040-3050 processed in 0.86 seconds | Locations found: 0 | Total locations: 101
2025-02-21 23:11:57,173 - Batch 3050-3060 processed in 1.10 seconds | Locations found: 1 | Total locations: 102
2025-02-21 23:11:57,644 - Batch 3060-3070 processed in 0.47 seconds | Locations found: 0 | Total locations: 102
2025-02-21 23:11:58,380 - Batch 3070-3080 processed in 0.73 seconds | Locations found: 0 | Total locations: 102
2025-02-21 23:11:59,140 - Batch 3080-3090 processed in 0.76 seconds | Locations found: 0 | Total locations: 102
2025-02-21 23:11:59,786 - Batch 3090-3100 processed in 0.64 seconds | Locations found: 0 | Total locations: 102
2025-02-21 23:12:00,603 - Batch 3100-3110 processed in 0.82 seconds | Locations found: 0 | Total locations: 102
2025-02-21 23:12:02,309 - Batch 3110-3120 processed in 1.70 seconds | Locations found: 0 | Total locations: 102
2025-02-21 23:12:03,283 - Batch 3120-3130 processed in 0.97 seconds | Locations found: 1 | Total locations: 103
2025-02-21 23:12:04,187 - Batch 3130-3140 processed in 0.90 seconds | Locations found: 0 | Total locations: 103
2025-02-21 23:12:05,537 - Batch 3140-3150 processed in 1.35 seconds | Locations found: 1 | Total locations: 104
2025-02-21 23:12:06,507 - Batch 3150-3160 processed in 0.97 seconds | Locations found: 1 | Total locations: 105
2025-02-21 23:12:06,903 - Batch 3160-3170 processed in 0.40 seconds | Locations found: 0 | Total locations: 105
2025-02-21 23:12:07,613 - Batch 3170-3180 processed in 0.71 seconds | Locations found: 0 | Total locations: 105
2025-02-21 23:12:08,500 - Batch 3180-3190 processed in 0.89 seconds | Locations found: 0 | Total locations: 105
2025-02-21 23:12:09,092 - Batch 3190-3200 processed in 0.59 seconds | Locations found: 0 | Total locations: 105
2025-02-21 23:12:09,843 - Batch 3200-3210 processed in 0.75 seconds | Locations found: 0 | Total locations: 105
2025-02-21 23:12:11,111 - Batch 3210-3220 processed in 1.27 seconds | Locations found: 1 | Total locations: 106
2025-02-21 23:12:12,234 - Batch 3220-3230 processed in 1.12 seconds | Locations found: 0 | Total locations: 106
2025-02-21 23:12:13,080 - Batch 3230-3240 processed in 0.85 seconds | Locations found: 0 | Total locations: 106
2025-02-21 23:12:14,168 - Batch 3240-3250 processed in 1.09 seconds | Locations found: 0 | Total locations: 106
2025-02-21 23:12:15,358 - Batch 3250-3260 processed in 1.19 seconds | Locations found: 0 | Total locations: 106
2025-02-21 23:12:16,836 - Batch 3260-3270 processed in 1.48 seconds | Locations found: 0 | Total locations: 106
2025-02-21 23:12:18,137 - Batch 3270-3280 processed in 1.30 seconds | Locations found: 0 | Total locations: 106
2025-02-21 23:12:19,376 - Batch 3280-3290 processed in 1.24 seconds | Locations found: 0 | Total locations: 106
2025-02-21 23:12:21,119 - Batch 3290-3300 processed in 1.74 seconds | Locations found: 0 | Total locations: 106
2025-02-21 23:12:21,827 - Batch 3300-3310 processed in 0.71 seconds | Locations found: 0 | Total locations: 106
2025-02-21 23:12:22,433 - Batch 3310-3320 processed in 0.61 seconds | Locations found: 0 | Total locations: 106
2025-02-21 23:12:23,055 - Batch 3320-3330 processed in 0.62 seconds | Locations found: 0 | Total locations: 106
2025-02-21 23:12:23,775 - Batch 3330-3340 processed in 0.72 seconds | Locations found: 0 | Total locations: 106
2025-02-21 23:12:24,557 - Batch 3340-3350 processed in 0.78 seconds | Locations found: 0 | Total locations: 106
2025-02-21 23:12:25,330 - Batch 3350-3360 processed in 0.77 seconds | Locations found: 0 | Total locations: 106
2025-02-21 23:12:26,050 - Batch 3360-3370 processed in 0.72 seconds | Locations found: 0 | Total locations: 106
2025-02-21 23:12:26,867 - Batch 3370-3380 processed in 0.82 seconds | Locations found: 0 | Total locations: 106
2025-02-21 23:12:28,262 - Batch 3380-3390 processed in 1.39 seconds | Locations found: 0 | Total locations: 106
2025-02-21 23:12:28,903 - Batch 3390-3400 processed in 0.64 seconds | Locations found: 0 | Total locations: 106
2025-02-21 23:12:29,915 - Batch 3400-3410 processed in 1.01 seconds | Locations found: 0 | Total locations: 106
2025-02-21 23:12:30,667 - Batch 3410-3420 processed in 0.75 seconds | Locations found: 0 | Total locations: 106
2025-02-21 23:12:31,417 - Batch 3420-3430 processed in 0.75 seconds | Locations found: 0 | Total locations: 106
2025-02-21 23:12:32,082 - Batch 3430-3440 processed in 0.66 seconds | Locations found: 0 | Total locations: 106
2025-02-21 23:12:32,756 - Batch 3440-3450 processed in 0.67 seconds | Locations found: 0 | Total locations: 106
2025-02-21 23:12:34,281 - Batch 3450-3460 processed in 1.52 seconds | Locations found: 1 | Total locations: 107
2025-02-21 23:12:35,295 - Batch 3460-3470 processed in 1.01 seconds | Locations found: 1 | Total locations: 108
2025-02-21 23:12:36,299 - Batch 3470-3480 processed in 1.00 seconds | Locations found: 1 | Total locations: 109
2025-02-21 23:12:37,249 - Batch 3480-3490 processed in 0.95 seconds | Locations found: 0 | Total locations: 109
2025-02-21 23:12:38,082 - Batch 3490-3500 processed in 0.83 seconds | Locations found: 0 | Total locations: 109
2025-02-21 23:12:38,941 - Batch 3500-3510 processed in 0.86 seconds | Locations found: 0 | Total locations: 109
2025-02-21 23:12:40,019 - Batch 3510-3520 processed in 1.08 seconds | Locations found: 0 | Total locations: 109
2025-02-21 23:12:41,324 - Batch 3520-3530 processed in 1.30 seconds | Locations found: 0 | Total locations: 109
2025-02-21 23:12:42,135 - Batch 3530-3540 processed in 0.81 seconds | Locations found: 0 | Total locations: 109
2025-02-21 23:12:43,022 - Batch 3540-3550 processed in 0.89 seconds | Locations found: 0 | Total locations: 109
2025-02-21 23:12:43,598 - Batch 3550-3560 processed in 0.57 seconds | Locations found: 0 | Total locations: 109
2025-02-21 23:12:44,243 - Batch 3560-3570 processed in 0.65 seconds | Locations found: 0 | Total locations: 109
2025-02-21 23:12:44,900 - Batch 3570-3580 processed in 0.66 seconds | Locations found: 0 | Total locations: 109
2025-02-21 23:12:45,884 - Batch 3580-3590 processed in 0.98 seconds | Locations found: 1 | Total locations: 110
2025-02-21 23:12:47,049 - Batch 3590-3600 processed in 1.16 seconds | Locations found: 0 | Total locations: 110
2025-02-21 23:12:47,892 - Batch 3600-3610 processed in 0.84 seconds | Locations found: 0 | Total locations: 110
2025-02-21 23:12:48,865 - Batch 3610-3620 processed in 0.97 seconds | Locations found: 0 | Total locations: 110
2025-02-21 23:12:49,666 - Batch 3620-3630 processed in 0.80 seconds | Locations found: 0 | Total locations: 110
2025-02-21 23:12:50,291 - Batch 3630-3640 processed in 0.62 seconds | Locations found: 0 | Total locations: 110
2025-02-21 23:12:51,244 - Batch 3640-3650 processed in 0.95 seconds | Locations found: 0 | Total locations: 110
2025-02-21 23:12:52,778 - Batch 3650-3660 processed in 1.53 seconds | Locations found: 1 | Total locations: 111
2025-02-21 23:12:53,932 - Batch 3660-3670 processed in 1.15 seconds | Locations found: 0 | Total locations: 111
2025-02-21 23:12:55,215 - Batch 3670-3680 processed in 1.28 seconds | Locations found: 0 | Total locations: 111
2025-02-21 23:12:56,375 - Batch 3680-3690 processed in 1.16 seconds | Locations found: 0 | Total locations: 111
2025-02-21 23:12:57,501 - Batch 3690-3700 processed in 1.12 seconds | Locations found: 0 | Total locations: 111
2025-02-21 23:12:58,862 - Batch 3700-3710 processed in 1.36 seconds | Locations found: 0 | Total locations: 111
2025-02-21 23:12:59,911 - Batch 3710-3720 processed in 1.05 seconds | Locations found: 0 | Total locations: 111
2025-02-21 23:13:00,834 - Batch 3720-3730 processed in 0.92 seconds | Locations found: 0 | Total locations: 111
2025-02-21 23:13:01,953 - Batch 3730-3740 processed in 1.12 seconds | Locations found: 0 | Total locations: 111
2025-02-21 23:13:03,238 - Batch 3740-3750 processed in 1.28 seconds | Locations found: 0 | Total locations: 111
2025-02-21 23:13:04,468 - Batch 3750-3760 processed in 1.23 seconds | Locations found: 0 | Total locations: 111
2025-02-21 23:13:05,621 - Batch 3760-3770 processed in 1.15 seconds | Locations found: 0 | Total locations: 111
2025-02-21 23:13:06,715 - Batch 3770-3780 processed in 1.09 seconds | Locations found: 0 | Total locations: 111
2025-02-21 23:13:08,004 - Batch 3780-3790 processed in 1.29 seconds | Locations found: 0 | Total locations: 111
2025-02-21 23:13:09,602 - Batch 3790-3800 processed in 1.60 seconds | Locations found: 1 | Total locations: 112
2025-02-21 23:13:10,453 - Batch 3800-3810 processed in 0.85 seconds | Locations found: 0 | Total locations: 112
2025-02-21 23:13:11,560 - Batch 3810-3820 processed in 1.10 seconds | Locations found: 0 | Total locations: 112
2025-02-21 23:13:12,476 - Batch 3820-3830 processed in 0.92 seconds | Locations found: 0 | Total locations: 112
2025-02-21 23:13:13,697 - Batch 3830-3840 processed in 1.22 seconds | Locations found: 0 | Total locations: 112
2025-02-21 23:13:14,876 - Batch 3840-3850 processed in 1.18 seconds | Locations found: 0 | Total locations: 112
2025-02-21 23:13:15,919 - Batch 3850-3860 processed in 1.04 seconds | Locations found: 0 | Total locations: 112
2025-02-21 23:13:16,744 - Batch 3860-3870 processed in 0.82 seconds | Locations found: 0 | Total locations: 112
2025-02-21 23:13:17,446 - Batch 3870-3880 processed in 0.70 seconds | Locations found: 0 | Total locations: 112
2025-02-21 23:13:19,862 - Batch 3880-3890 processed in 2.41 seconds | Locations found: 0 | Total locations: 112
2025-02-21 23:13:21,060 - Batch 3890-3900 processed in 1.20 seconds | Locations found: 1 | Total locations: 113
2025-02-21 23:13:21,921 - Batch 3900-3910 processed in 0.86 seconds | Locations found: 0 | Total locations: 113
2025-02-21 23:13:23,277 - Batch 3910-3920 processed in 1.36 seconds | Locations found: 0 | Total locations: 113
2025-02-21 23:13:24,289 - Batch 3920-3930 processed in 1.01 seconds | Locations found: 0 | Total locations: 113
2025-02-21 23:13:25,376 - Batch 3930-3940 processed in 1.09 seconds | Locations found: 0 | Total locations: 113
2025-02-21 23:13:26,491 - Batch 3940-3950 processed in 1.11 seconds | Locations found: 0 | Total locations: 113
2025-02-21 23:13:27,244 - Batch 3950-3960 processed in 0.75 seconds | Locations found: 0 | Total locations: 113
2025-02-21 23:13:28,346 - Batch 3960-3970 processed in 1.10 seconds | Locations found: 0 | Total locations: 113
2025-02-21 23:13:29,204 - Batch 3970-3980 processed in 0.86 seconds | Locations found: 0 | Total locations: 113
2025-02-21 23:13:30,144 - Batch 3980-3990 processed in 0.94 seconds | Locations found: 0 | Total locations: 113
2025-02-21 23:13:30,842 - Batch 3990-4000 processed in 0.70 seconds | Locations found: 0 | Total locations: 113
2025-02-21 23:13:32,040 - Batch 4000-4010 processed in 1.20 seconds | Locations found: 0 | Total locations: 113
2025-02-21 23:13:33,012 - Batch 4010-4020 processed in 0.97 seconds | Locations found: 0 | Total locations: 113
2025-02-21 23:13:33,831 - Batch 4020-4030 processed in 0.82 seconds | Locations found: 0 | Total locations: 113
2025-02-21 23:13:35,170 - Batch 4030-4040 processed in 1.34 seconds | Locations found: 1 | Total locations: 114
2025-02-21 23:13:35,947 - Batch 4040-4050 processed in 0.78 seconds | Locations found: 0 | Total locations: 114
2025-02-21 23:13:37,339 - Batch 4050-4060 processed in 0.62 seconds | Locations found: 0 | Total locations: 114
2025-02-21 23:13:38,717 - Batch 4060-4070 processed in 1.38 seconds | Locations found: 0 | Total locations: 114
2025-02-21 23:13:40,727 - Batch 4070-4080 processed in 2.01 seconds | Locations found: 1 | Total locations: 115
2025-02-21 23:13:42,169 - Batch 4080-4090 processed in 1.44 seconds | Locations found: 0 | Total locations: 115
2025-02-21 23:13:43,302 - Batch 4090-4100 processed in 1.13 seconds | Locations found: 0 | Total locations: 115
2025-02-21 23:13:44,710 - Batch 4100-4110 processed in 1.41 seconds | Locations found: 0 | Total locations: 115
2025-02-21 23:13:45,580 - Batch 4110-4120 processed in 0.87 seconds | Locations found: 0 | Total locations: 115
2025-02-21 23:13:46,332 - Batch 4120-4130 processed in 0.75 seconds | Locations found: 0 | Total locations: 115
2025-02-21 23:13:47,313 - Batch 4130-4140 processed in 0.98 seconds | Locations found: 0 | Total locations: 115
2025-02-21 23:13:48,445 - Batch 4140-4150 processed in 1.13 seconds | Locations found: 0 | Total locations: 115
2025-02-21 23:13:49,830 - Batch 4150-4160 processed in 1.39 seconds | Locations found: 0 | Total locations: 115
2025-02-21 23:13:50,849 - Batch 4160-4170 processed in 1.02 seconds | Locations found: 1 | Total locations: 116
2025-02-21 23:13:52,931 - Batch 4170-4180 processed in 2.08 seconds | Locations found: 2 | Total locations: 118
2025-02-21 23:13:53,912 - Batch 4180-4190 processed in 0.98 seconds | Locations found: 0 | Total locations: 118
2025-02-21 23:13:55,102 - Batch 4190-4200 processed in 1.19 seconds | Locations found: 0 | Total locations: 118
2025-02-21 23:13:56,202 - Batch 4200-4210 processed in 1.10 seconds | Locations found: 0 | Total locations: 118
2025-02-21 23:13:58,168 - Batch 4210-4220 processed in 1.96 seconds | Locations found: 1 | Total locations: 119
2025-02-21 23:13:59,835 - Batch 4220-4230 processed in 1.67 seconds | Locations found: 0 | Total locations: 119
2025-02-21 23:14:01,082 - Batch 4230-4240 processed in 1.25 seconds | Locations found: 0 | Total locations: 119
2025-02-21 23:14:02,575 - Batch 4240-4250 processed in 1.49 seconds | Locations found: 0 | Total locations: 119
2025-02-21 23:14:03,802 - Batch 4250-4260 processed in 1.23 seconds | Locations found: 0 | Total locations: 119
2025-02-21 23:14:04,757 - Batch 4260-4270 processed in 0.95 seconds | Locations found: 0 | Total locations: 119
2025-02-21 23:14:06,196 - Batch 4270-4280 processed in 1.44 seconds | Locations found: 0 | Total locations: 119
2025-02-21 23:14:07,265 - Batch 4280-4290 processed in 1.07 seconds | Locations found: 0 | Total locations: 119
2025-02-21 23:14:08,334 - Batch 4290-4300 processed in 1.07 seconds | Locations found: 0 | Total locations: 119
2025-02-21 23:14:09,279 - Batch 4300-4310 processed in 0.94 seconds | Locations found: 0 | Total locations: 119
2025-02-21 23:14:10,626 - Batch 4310-4320 processed in 1.35 seconds | Locations found: 1 | Total locations: 120
2025-02-21 23:14:11,452 - Batch 4320-4330 processed in 0.82 seconds | Locations found: 0 | Total locations: 120
2025-02-21 23:14:12,171 - Batch 4330-4340 processed in 0.72 seconds | Locations found: 0 | Total locations: 120
2025-02-21 23:14:14,995 - Retrying (Retry(total=1, connect=None, read=None, redirect=None, status=None)) after connection broken by 'ReadTimeoutError("HTTPSConnectionPool(host='nominatim.openstreetmap.org', port=443): Read timed out. (read timeout=1)")': /search?q=PERU&format=json&limit=1
2025-02-21 23:14:15,970 - Batch 4340-4350 processed in 3.80 seconds | Locations found: 2 | Total locations: 122
2025-02-21 23:14:16,456 - Batch 4350-4360 processed in 0.48 seconds | Locations found: 0 | Total locations: 122
2025-02-21 23:14:17,493 - Batch 4360-4370 processed in 1.04 seconds | Locations found: 0 | Total locations: 122
2025-02-21 23:14:18,681 - Batch 4370-4380 processed in 1.19 seconds | Locations found: 0 | Total locations: 122
2025-02-21 23:14:19,772 - Batch 4380-4390 processed in 1.09 seconds | Locations found: 0 | Total locations: 122
2025-02-21 23:14:20,378 - Batch 4390-4400 processed in 0.61 seconds | Locations found: 0 | Total locations: 122
2025-02-21 23:14:21,430 - Batch 4400-4410 processed in 1.05 seconds | Locations found: 0 | Total locations: 122
2025-02-21 23:14:22,417 - Batch 4410-4420 processed in 0.99 seconds | Locations found: 0 | Total locations: 122
2025-02-21 23:14:22,892 - Batch 4420-4430 processed in 0.47 seconds | Locations found: 0 | Total locations: 122
2025-02-21 23:14:23,861 - Batch 4430-4440 processed in 0.97 seconds | Locations found: 0 | Total locations: 122
2025-02-21 23:14:24,389 - Batch 4440-4450 processed in 0.53 seconds | Locations found: 0 | Total locations: 122
2025-02-21 23:14:25,476 - Batch 4450-4460 processed in 1.09 seconds | Locations found: 0 | Total locations: 122
2025-02-21 23:14:27,558 - Retrying (Retry(total=1, connect=None, read=None, redirect=None, status=None)) after connection broken by 'ReadTimeoutError("HTTPSConnectionPool(host='nominatim.openstreetmap.org', port=443): Read timed out. (read timeout=1)")': /search?q=ISRAEL&format=json&limit=1
2025-02-21 23:14:29,445 - Batch 4460-4470 processed in 3.97 seconds | Locations found: 2 | Total locations: 124
2025-02-21 23:14:31,421 - Batch 4470-4480 processed in 1.98 seconds | Locations found: 2 | Total locations: 126
2025-02-21 23:14:32,046 - Batch 4480-4490 processed in 0.62 seconds | Locations found: 0 | Total locations: 126
2025-02-21 23:14:32,288 - Batch 4490-4500 processed in 0.24 seconds | Locations found: 0 | Total locations: 126
2025-02-21 23:14:32,721 - Batch 4500-4510 processed in 0.43 seconds | Locations found: 0 | Total locations: 126
2025-02-21 23:14:34,698 - Batch 4510-4520 processed in 1.98 seconds | Locations found: 0 | Total locations: 126
2025-02-21 23:14:35,423 - Batch 4520-4530 processed in 0.72 seconds | Locations found: 0 | Total locations: 126
2025-02-21 23:14:36,376 - Batch 4530-4540 processed in 0.95 seconds | Locations found: 0 | Total locations: 126
2025-02-21 23:14:37,216 - Batch 4540-4550 processed in 0.84 seconds | Locations found: 0 | Total locations: 126
2025-02-21 23:14:37,917 - Batch 4550-4560 processed in 0.70 seconds | Locations found: 0 | Total locations: 126
2025-02-21 23:14:38,831 - Batch 4560-4570 processed in 0.91 seconds | Locations found: 0 | Total locations: 126
2025-02-21 23:14:39,505 - Batch 4570-4580 processed in 0.67 seconds | Locations found: 0 | Total locations: 126
2025-02-21 23:14:40,377 - Batch 4580-4590 processed in 0.87 seconds | Locations found: 0 | Total locations: 126
2025-02-21 23:14:41,116 - Batch 4590-4600 processed in 0.74 seconds | Locations found: 0 | Total locations: 126
2025-02-21 23:14:42,472 - Batch 4600-4610 processed in 1.35 seconds | Locations found: 0 | Total locations: 126
2025-02-21 23:14:43,454 - Batch 4610-4620 processed in 0.98 seconds | Locations found: 0 | Total locations: 126
2025-02-21 23:14:44,039 - Batch 4620-4630 processed in 0.58 seconds | Locations found: 0 | Total locations: 126
2025-02-21 23:14:44,825 - Batch 4630-4640 processed in 0.78 seconds | Locations found: 0 | Total locations: 126
2025-02-21 23:14:45,396 - Batch 4640-4650 processed in 0.57 seconds | Locations found: 0 | Total locations: 126
2025-02-21 23:14:45,889 - Batch 4650-4660 processed in 0.49 seconds | Locations found: 0 | Total locations: 126
2025-02-21 23:14:46,895 - Batch 4660-4670 processed in 1.00 seconds | Locations found: 1 | Total locations: 127
2025-02-21 23:14:48,860 - Batch 4670-4680 processed in 1.96 seconds | Locations found: 2 | Total locations: 129
2025-02-21 23:14:49,188 - Batch 4680-4690 processed in 0.33 seconds | Locations found: 0 | Total locations: 129
2025-02-21 23:14:49,633 - Batch 4690-4700 processed in 0.45 seconds | Locations found: 0 | Total locations: 129
2025-02-21 23:14:50,487 - Batch 4700-4710 processed in 0.85 seconds | Locations found: 1 | Total locations: 130
2025-02-21 23:14:51,086 - Batch 4710-4720 processed in 0.60 seconds | Locations found: 0 | Total locations: 130
2025-02-21 23:14:52,548 - Batch 4720-4730 processed in 1.46 seconds | Locations found: 1 | Total locations: 131
2025-02-21 23:14:53,264 - Batch 4730-4740 processed in 0.72 seconds | Locations found: 0 | Total locations: 131
2025-02-21 23:14:54,286 - Batch 4740-4750 processed in 1.02 seconds | Locations found: 0 | Total locations: 131
2025-02-21 23:14:55,731 - Batch 4750-4760 processed in 1.44 seconds | Locations found: 1 | Total locations: 132
2025-02-21 23:14:56,273 - Batch 4760-4770 processed in 0.54 seconds | Locations found: 0 | Total locations: 132
2025-02-21 23:14:57,189 - Batch 4770-4780 processed in 0.92 seconds | Locations found: 0 | Total locations: 132
2025-02-21 23:14:57,967 - Batch 4780-4790 processed in 0.78 seconds | Locations found: 0 | Total locations: 132
2025-02-21 23:14:58,746 - Batch 4790-4800 processed in 0.78 seconds | Locations found: 0 | Total locations: 132
2025-02-21 23:14:59,678 - Batch 4800-4810 processed in 0.93 seconds | Locations found: 0 | Total locations: 132
2025-02-21 23:15:00,503 - Batch 4810-4820 processed in 0.82 seconds | Locations found: 0 | Total locations: 132
2025-02-21 23:15:01,249 - Batch 4820-4830 processed in 0.75 seconds | Locations found: 0 | Total locations: 132
2025-02-21 23:15:02,136 - Batch 4830-4840 processed in 0.89 seconds | Locations found: 1 | Total locations: 133
2025-02-21 23:15:02,498 - Batch 4840-4850 processed in 0.36 seconds | Locations found: 0 | Total locations: 133
2025-02-21 23:15:03,658 - Batch 4850-4860 processed in 1.16 seconds | Locations found: 1 | Total locations: 134
2025-02-21 23:15:04,238 - Batch 4860-4870 processed in 0.58 seconds | Locations found: 0 | Total locations: 134
2025-02-21 23:15:05,064 - Batch 4870-4880 processed in 0.82 seconds | Locations found: 0 | Total locations: 134
2025-02-21 23:15:06,191 - Batch 4880-4890 processed in 1.13 seconds | Locations found: 0 | Total locations: 134
2025-02-21 23:15:07,165 - Batch 4890-4900 processed in 0.97 seconds | Locations found: 0 | Total locations: 134
2025-02-21 23:15:08,993 - Batch 4900-4910 processed in 1.83 seconds | Locations found: 0 | Total locations: 134
2025-02-21 23:15:09,532 - Batch 4910-4920 processed in 0.54 seconds | Locations found: 0 | Total locations: 134
2025-02-21 23:15:10,225 - Batch 4920-4930 processed in 0.69 seconds | Locations found: 0 | Total locations: 134
2025-02-21 23:15:11,149 - Batch 4930-4940 processed in 0.92 seconds | Locations found: 0 | Total locations: 134
2025-02-21 23:15:12,278 - Batch 4940-4950 processed in 1.13 seconds | Locations found: 0 | Total locations: 134
2025-02-21 23:15:13,431 - Batch 4950-4960 processed in 1.15 seconds | Locations found: 0 | Total locations: 134
2025-02-21 23:15:14,117 - Batch 4960-4970 processed in 0.69 seconds | Locations found: 0 | Total locations: 134
2025-02-21 23:15:14,909 - Batch 4970-4980 processed in 0.79 seconds | Locations found: 0 | Total locations: 134
2025-02-21 23:15:15,439 - Batch 4980-4990 processed in 0.53 seconds | Locations found: 0 | Total locations: 134
2025-02-21 23:15:16,345 - Batch 4990-5000 processed in 0.91 seconds | Locations found: 1 | Total locations: 135
2025-02-21 23:15:16,603 - Batch 5000-5004 processed in 0.26 seconds | Locations found: 0 | Total locations: 135
2025-02-21 23:15:16,604 - Completed NLP processing in 497.81 seconds
2025-02-21 23:15:16,782 - Saved JSON files in 0.18 seconds
2025-02-21 23:15:16,783 - Final Statistics:
2025-02-21 23:15:16,783 - Total unique researchers: 1389
2025-02-21 23:15:16,783 - Total unique works (titles) parsed: 4956
2025-02-21 23:15:16,783 - Total unique locations extracted: 120
2025-02-21 23:15:16,783 - Total execution time: 8.34 minutes
