025-02-20 21:02:52,878 - Loaded spaCy model in 1.70 seconds
2025-02-20 21:02:52,879 - Processing file: C:\Users\austi\IdeaProjects\expert-mapping-interface\src\geo\data\csv\expert_profiles.csv
2025-02-20 21:02:55,129 - Batch 0-50 processed in 2.22 seconds | Locations found: 1 | Total locations: 1
2025-02-20 21:02:56,175 - Batch 50-100 processed in 1.05 seconds | Locations found: 2 | Total locations: 3
2025-02-20 21:02:57,505 - Batch 100-150 processed in 1.33 seconds | Locations found: 4 | Total locations: 7
2025-02-20 21:02:58,601 - Batch 150-200 processed in 1.10 seconds | Locations found: 3 | Total locations: 10
2025-02-20 21:03:01,494 - Batch 200-250 processed in 2.89 seconds | Locations found: 4 | Total locations: 14
2025-02-20 21:03:02,557 - Batch 250-300 processed in 1.06 seconds | Locations found: 3 | Total locations: 17
2025-02-20 21:03:03,863 - Batch 300-350 processed in 1.31 seconds | Locations found: 5 | Total locations: 22
2025-02-20 21:03:07,467 - Batch 350-400 processed in 3.60 seconds | Locations found: 4 | Total locations: 26
2025-02-20 21:03:09,296 - Batch 400-450 processed in 1.83 seconds | Locations found: 1 | Total locations: 27
2025-02-20 21:03:10,338 - Batch 450-500 processed in 1.04 seconds | Locations found: 3 | Total locations: 30
2025-02-20 21:03:11,651 - Batch 500-550 processed in 1.31 seconds | Locations found: 3 | Total locations: 33
2025-02-20 21:03:13,170 - Batch 550-600 processed in 1.52 seconds | Locations found: 2 | Total locations: 35
2025-02-20 21:03:14,384 - Batch 600-650 processed in 1.21 seconds | Locations found: 7 | Total locations: 42
2025-02-20 21:03:16,422 - Batch 650-700 processed in 2.04 seconds | Locations found: 0 | Total locations: 42
2025-02-20 21:03:17,721 - Batch 700-750 processed in 1.30 seconds | Locations found: 2 | Total locations: 44
2025-02-20 21:03:19,314 - Batch 750-800 processed in 1.59 seconds | Locations found: 3 | Total locations: 47
2025-02-20 21:03:20,679 - Batch 800-850 processed in 1.36 seconds | Locations found: 3 | Total locations: 50
2025-02-20 21:03:21,673 - Batch 850-900 processed in 0.99 seconds | Locations found: 7 | Total locations: 57
2025-02-20 21:03:23,654 - Batch 900-950 processed in 1.98 seconds | Locations found: 9 | Total locations: 66
2025-02-20 21:03:25,175 - Batch 950-1000 processed in 1.52 seconds | Locations found: 6 | Total locations: 72
2025-02-20 21:03:27,797 - Batch 1000-1050 processed in 2.62 seconds | Locations found: 4 | Total locations: 76
2025-02-20 21:03:29,272 - Batch 1050-1100 processed in 1.47 seconds | Locations found: 4 | Total locations: 80
2025-02-20 21:03:31,296 - Batch 1100-1150 processed in 2.02 seconds | Locations found: 4 | Total locations: 84
2025-02-20 21:03:33,190 - Batch 1150-1200 processed in 1.89 seconds | Locations found: 2 | Total locations: 86
2025-02-20 21:03:34,296 - Batch 1200-1250 processed in 1.11 seconds | Locations found: 1 | Total locations: 87
2025-02-20 21:03:35,567 - Batch 1250-1300 processed in 1.27 seconds | Locations found: 0 | Total locations: 87
2025-02-20 21:03:37,130 - Batch 1300-1350 processed in 1.56 seconds | Locations found: 4 | Total locations: 91
2025-02-20 21:03:38,429 - Batch 1350-1400 processed in 1.30 seconds | Locations found: 1 | Total locations: 92
2025-02-20 21:03:40,186 - Batch 1400-1450 processed in 1.76 seconds | Locations found: 6 | Total locations: 98
2025-02-20 21:03:41,744 - Batch 1450-1500 processed in 1.56 seconds | Locations found: 3 | Total locations: 101
2025-02-20 21:03:42,701 - Batch 1500-1550 processed in 0.96 seconds | Locations found: 4 | Total locations: 105
2025-02-20 21:03:43,599 - Batch 1550-1600 processed in 0.90 seconds | Locations found: 1 | Total locations: 106
2025-02-20 21:03:44,561 - Batch 1600-1650 processed in 0.96 seconds | Locations found: 2 | Total locations: 108
2025-02-20 21:03:46,290 - Batch 1650-1700 processed in 1.73 seconds | Locations found: 1 | Total locations: 109
2025-02-20 21:03:48,133 - Batch 1700-1750 processed in 1.84 seconds | Locations found: 2 | Total locations: 111
2025-02-20 21:03:49,462 - Batch 1750-1800 processed in 1.33 seconds | Locations found: 2 | Total locations: 113
2025-02-20 21:03:50,549 - Batch 1800-1850 processed in 1.09 seconds | Locations found: 5 | Total locations: 118
2025-02-20 21:03:52,244 - Batch 1850-1900 processed in 1.69 seconds | Locations found: 1 | Total locations: 119
2025-02-20 21:03:53,580 - Batch 1900-1950 processed in 1.34 seconds | Locations found: 6 | Total locations: 125
2025-02-20 21:03:54,806 - Batch 1950-2000 processed in 1.23 seconds | Locations found: 6 | Total locations: 131
2025-02-20 21:03:55,823 - Batch 2000-2050 processed in 1.02 seconds | Locations found: 2 | Total locations: 133
2025-02-20 21:03:57,127 - Batch 2050-2100 processed in 1.30 seconds | Locations found: 7 | Total locations: 140
2025-02-20 21:03:58,166 - Batch 2100-2150 processed in 1.04 seconds | Locations found: 5 | Total locations: 145
2025-02-20 21:03:59,779 - Batch 2150-2200 processed in 1.61 seconds | Locations found: 3 | Total locations: 148
2025-02-20 21:04:01,046 - Batch 2200-2250 processed in 1.27 seconds | Locations found: 2 | Total locations: 150
2025-02-20 21:04:02,065 - Batch 2250-2300 processed in 1.02 seconds | Locations found: 1 | Total locations: 151
2025-02-20 21:04:03,073 - Batch 2300-2350 processed in 1.01 seconds | Locations found: 6 | Total locations: 157
2025-02-20 21:04:04,655 - Batch 2350-2400 processed in 1.58 seconds | Locations found: 6 | Total locations: 163
2025-02-20 21:04:06,485 - Batch 2400-2450 processed in 1.83 seconds | Locations found: 0 | Total locations: 163
2025-02-20 21:04:07,493 - Batch 2450-2500 processed in 1.01 seconds | Locations found: 3 | Total locations: 166
2025-02-20 21:04:08,857 - Batch 2500-2550 processed in 1.36 seconds | Locations found: 6 | Total locations: 172
2025-02-20 21:04:10,068 - Batch 2550-2600 processed in 1.21 seconds | Locations found: 6 | Total locations: 178
2025-02-20 21:04:11,399 - Batch 2600-2650 processed in 1.33 seconds | Locations found: 4 | Total locations: 182
2025-02-20 21:04:12,326 - Batch 2650-2700 processed in 0.93 seconds | Locations found: 3 | Total locations: 185
2025-02-20 21:04:13,565 - Batch 2700-2750 processed in 1.24 seconds | Locations found: 0 | Total locations: 185
2025-02-20 21:04:15,315 - Batch 2750-2800 processed in 1.75 seconds | Locations found: 2 | Total locations: 187
2025-02-20 21:04:16,645 - Batch 2800-2850 processed in 1.33 seconds | Locations found: 6 | Total locations: 193
2025-02-20 21:04:18,255 - Batch 2850-2900 processed in 1.61 seconds | Locations found: 5 | Total locations: 198
2025-02-20 21:04:19,679 - Batch 2900-2950 processed in 1.42 seconds | Locations found: 2 | Total locations: 200
2025-02-20 21:04:20,767 - Batch 2950-3000 processed in 1.09 seconds | Locations found: 3 | Total locations: 203
2025-02-20 21:04:22,007 - Batch 3000-3050 processed in 1.24 seconds | Locations found: 2 | Total locations: 205
2025-02-20 21:04:23,159 - Batch 3050-3100 processed in 1.15 seconds | Locations found: 3 | Total locations: 208
2025-02-20 21:04:25,189 - Batch 3100-3150 processed in 2.03 seconds | Locations found: 6 | Total locations: 214
2025-02-20 21:04:26,775 - Batch 3150-3200 processed in 1.59 seconds | Locations found: 6 | Total locations: 220
2025-02-20 21:04:27,735 - Batch 3200-3250 processed in 0.96 seconds | Locations found: 2 | Total locations: 222
2025-02-20 21:04:29,297 - Batch 3250-3300 processed in 1.56 seconds | Locations found: 3 | Total locations: 225
2025-02-20 21:04:30,432 - Batch 3300-3350 processed in 1.13 seconds | Locations found: 2 | Total locations: 227
2025-02-20 21:04:32,273 - Batch 3350-3400 processed in 1.84 seconds | Locations found: 1 | Total locations: 228
2025-02-20 21:04:33,491 - Batch 3400-3450 processed in 1.22 seconds | Locations found: 3 | Total locations: 231
2025-02-20 21:04:34,578 - Batch 3450-3500 processed in 1.09 seconds | Locations found: 8 | Total locations: 239
2025-02-20 21:04:35,935 - Batch 3500-3550 processed in 1.36 seconds | Locations found: 1 | Total locations: 240
2025-02-20 21:04:37,437 - Batch 3550-3600 processed in 1.50 seconds | Locations found: 2 | Total locations: 242
2025-02-20 21:04:38,376 - Batch 3600-3650 processed in 0.94 seconds | Locations found: 1 | Total locations: 243
2025-02-20 21:04:39,495 - Batch 3650-3700 processed in 1.12 seconds | Locations found: 4 | Total locations: 247
2025-02-20 21:04:40,671 - Batch 3700-3750 processed in 1.18 seconds | Locations found: 2 | Total locations: 249
2025-02-20 21:04:41,798 - Batch 3750-3800 processed in 1.13 seconds | Locations found: 2 | Total locations: 251
2025-02-20 21:04:42,925 - Batch 3800-3850 processed in 1.13 seconds | Locations found: 4 | Total locations: 255
2025-02-20 21:04:45,308 - Batch 3850-3900 processed in 2.38 seconds | Locations found: 3 | Total locations: 258
2025-02-20 21:04:46,716 - Batch 3900-3950 processed in 1.41 seconds | Locations found: 2 | Total locations: 260
2025-02-20 21:04:47,647 - Batch 3950-4000 processed in 0.93 seconds | Locations found: 1 | Total locations: 261
2025-02-20 21:04:48,889 - Batch 4000-4050 processed in 1.24 seconds | Locations found: 4 | Total locations: 265
2025-02-20 21:04:50,090 - Batch 4050-4100 processed in 1.20 seconds | Locations found: 4 | Total locations: 269
2025-02-20 21:04:51,471 - Batch 4100-4150 processed in 1.38 seconds | Locations found: 2 | Total locations: 271
2025-02-20 21:04:52,998 - Batch 4150-4200 processed in 1.53 seconds | Locations found: 5 | Total locations: 276
2025-02-20 21:04:54,231 - Batch 4200-4250 processed in 1.23 seconds | Locations found: 3 | Total locations: 279
2025-02-20 21:04:55,413 - Batch 4250-4300 processed in 1.18 seconds | Locations found: 1 | Total locations: 280
2025-02-20 21:04:56,841 - Batch 4300-4350 processed in 1.43 seconds | Locations found: 4 | Total locations: 284
2025-02-20 21:04:58,236 - Batch 4350-4400 processed in 1.39 seconds | Locations found: 2 | Total locations: 286
2025-02-20 21:04:59,573 - Batch 4400-4450 processed in 1.34 seconds | Locations found: 2 | Total locations: 288
2025-02-20 21:05:01,275 - Batch 4450-4500 processed in 1.70 seconds | Locations found: 5 | Total locations: 293
2025-02-20 21:05:04,297 - Batch 4500-4550 processed in 3.02 seconds | Locations found: 1 | Total locations: 294
2025-02-20 21:05:05,439 - Batch 4550-4600 processed in 1.14 seconds | Locations found: 0 | Total locations: 294
2025-02-20 21:05:06,886 - Batch 4600-4650 processed in 1.45 seconds | Locations found: 3 | Total locations: 297
2025-02-20 21:05:07,958 - Batch 4650-4700 processed in 1.07 seconds | Locations found: 4 | Total locations: 301
2025-02-20 21:05:09,008 - Batch 4700-4750 processed in 1.05 seconds | Locations found: 6 | Total locations: 307
2025-02-20 21:05:10,344 - Batch 4750-4800 processed in 1.34 seconds | Locations found: 4 | Total locations: 311
2025-02-20 21:05:11,405 - Batch 4800-4850 processed in 1.06 seconds | Locations found: 3 | Total locations: 314
2025-02-20 21:05:12,880 - Batch 4850-4900 processed in 1.47 seconds | Locations found: 3 | Total locations: 317
2025-02-20 21:05:15,368 - Batch 4900-4950 processed in 2.49 seconds | Locations found: 5 | Total locations: 322
2025-02-20 21:05:16,799 - Batch 4950-5000 processed in 1.43 seconds | Locations found: 3 | Total locations: 325
2025-02-20 21:05:16,858 - Batch 5000-5004 processed in 0.06 seconds | Locations found: 0 | Total locations: 325
2025-02-20 21:05:16,858 - Completed NLP processing in 143.94 seconds
2025-02-20 21:05:16,893 - Saved JSON files in 0.04 seconds
2025-02-20 21:05:16,893 - Final Statistics:
2025-02-20 21:05:16,894 - Total unique researchers: 1389
2025-02-20 21:05:16,894 - Total unique works (titles) parsed: 4956
2025-02-20 21:05:16,894 - Total unique locations extracted: 146
2025-02-20 21:05:16,894 - Total execution time: 2.43 minutes
2025-02-20 21:12:10,108 - Loaded spaCy model in 1.71 seconds
2025-02-20 21:12:10,108 - Processing file: C:\Users\austi\IdeaProjects\expert-mapping-interface\src\geo\data\csv\expert_profiles.csv
2025-02-20 21:12:11,983 - Batch 0-50 processed in 1.84 seconds | Locations found: 1 | Total locations: 1
2025-02-20 21:12:13,050 - Batch 50-100 processed in 1.07 seconds | Locations found: 2 | Total locations: 3
2025-02-20 21:12:14,552 - Batch 100-150 processed in 1.50 seconds | Locations found: 4 | Total locations: 7
2025-02-20 21:12:15,612 - Batch 150-200 processed in 1.06 seconds | Locations found: 3 | Total locations: 10
2025-02-20 21:12:18,681 - Batch 200-250 processed in 3.07 seconds | Locations found: 4 | Total locations: 14
2025-02-20 21:12:19,768 - Batch 250-300 processed in 1.09 seconds | Locations found: 3 | Total locations: 17
2025-02-20 21:12:21,062 - Batch 300-350 processed in 1.29 seconds | Locations found: 5 | Total locations: 22
2025-02-20 21:12:24,771 - Batch 350-400 processed in 3.71 seconds | Locations found: 4 | Total locations: 26
2025-02-20 21:12:26,726 - Batch 400-450 processed in 1.96 seconds | Locations found: 1 | Total locations: 27
2025-02-20 21:12:27,824 - Batch 450-500 processed in 1.10 seconds | Locations found: 3 | Total locations: 30
2025-02-20 21:12:29,063 - Batch 500-550 processed in 1.24 seconds | Locations found: 3 | Total locations: 33
2025-02-20 21:12:30,543 - Batch 550-600 processed in 1.48 seconds | Locations found: 2 | Total locations: 35
2025-02-20 21:12:31,627 - Batch 600-650 processed in 1.08 seconds | Locations found: 7 | Total locations: 42
2025-02-20 21:12:33,566 - Batch 650-700 processed in 1.94 seconds | Locations found: 0 | Total locations: 42
2025-02-20 21:12:34,864 - Batch 700-750 processed in 1.30 seconds | Locations found: 2 | Total locations: 44
2025-02-20 21:12:36,361 - Batch 750-800 processed in 1.50 seconds | Locations found: 3 | Total locations: 47
2025-02-20 21:12:37,560 - Batch 800-850 processed in 1.20 seconds | Locations found: 3 | Total locations: 50
2025-02-20 21:12:38,539 - Batch 850-900 processed in 0.98 seconds | Locations found: 7 | Total locations: 57
2025-02-20 21:12:40,279 - Batch 900-950 processed in 1.74 seconds | Locations found: 9 | Total locations: 66
2025-02-20 21:12:41,942 - Batch 950-1000 processed in 1.66 seconds | Locations found: 6 | Total locations: 72
2025-02-20 21:12:44,544 - Batch 1000-1050 processed in 2.60 seconds | Locations found: 4 | Total locations: 76
2025-02-20 21:12:45,979 - Batch 1050-1100 processed in 1.43 seconds | Locations found: 4 | Total locations: 80
2025-02-20 21:12:47,848 - Batch 1100-1150 processed in 1.87 seconds | Locations found: 4 | Total locations: 84
2025-02-20 21:12:49,561 - Batch 1150-1200 processed in 1.71 seconds | Locations found: 2 | Total locations: 86
2025-02-20 21:12:50,576 - Batch 1200-1250 processed in 1.02 seconds | Locations found: 1 | Total locations: 87
2025-02-20 21:12:51,669 - Batch 1250-1300 processed in 1.09 seconds | Locations found: 0 | Total locations: 87
2025-02-20 21:12:53,004 - Batch 1300-1350 processed in 1.33 seconds | Locations found: 4 | Total locations: 91
2025-02-20 21:12:54,233 - Batch 1350-1400 processed in 1.23 seconds | Locations found: 1 | Total locations: 92
2025-02-20 21:12:55,941 - Batch 1400-1450 processed in 1.71 seconds | Locations found: 6 | Total locations: 98
2025-02-20 21:12:57,513 - Batch 1450-1500 processed in 1.57 seconds | Locations found: 3 | Total locations: 101
2025-02-20 21:12:58,376 - Batch 1500-1550 processed in 0.86 seconds | Locations found: 4 | Total locations: 105
2025-02-20 21:12:59,250 - Batch 1550-1600 processed in 0.87 seconds | Locations found: 1 | Total locations: 106
2025-02-20 21:13:00,191 - Batch 1600-1650 processed in 0.94 seconds | Locations found: 2 | Total locations: 108
2025-02-20 21:13:01,833 - Batch 1650-1700 processed in 1.64 seconds | Locations found: 1 | Total locations: 109
2025-02-20 21:13:03,585 - Batch 1700-1750 processed in 1.75 seconds | Locations found: 2 | Total locations: 111
2025-02-20 21:13:04,867 - Batch 1750-1800 processed in 1.28 seconds | Locations found: 2 | Total locations: 113
2025-02-20 21:13:05,879 - Batch 1800-1850 processed in 1.01 seconds | Locations found: 5 | Total locations: 118
2025-02-20 21:13:07,304 - Batch 1850-1900 processed in 1.42 seconds | Locations found: 1 | Total locations: 119
2025-02-20 21:13:08,518 - Batch 1900-1950 processed in 1.21 seconds | Locations found: 6 | Total locations: 125
2025-02-20 21:13:09,741 - Batch 1950-2000 processed in 1.22 seconds | Locations found: 6 | Total locations: 131
2025-02-20 21:13:10,741 - Batch 2000-2050 processed in 1.00 seconds | Locations found: 2 | Total locations: 133
2025-02-20 21:13:12,080 - Batch 2050-2100 processed in 1.34 seconds | Locations found: 7 | Total locations: 140
2025-02-20 21:13:13,178 - Batch 2100-2150 processed in 1.10 seconds | Locations found: 5 | Total locations: 145
2025-02-20 21:13:14,797 - Batch 2150-2200 processed in 1.62 seconds | Locations found: 3 | Total locations: 148
2025-02-20 21:13:16,042 - Batch 2200-2250 processed in 1.24 seconds | Locations found: 2 | Total locations: 150
2025-02-20 21:13:17,018 - Batch 2250-2300 processed in 0.98 seconds | Locations found: 1 | Total locations: 151
2025-02-20 21:13:17,911 - Batch 2300-2350 processed in 0.89 seconds | Locations found: 6 | Total locations: 157
2025-02-20 21:13:19,498 - Batch 2350-2400 processed in 1.59 seconds | Locations found: 6 | Total locations: 163
2025-02-20 21:13:21,306 - Batch 2400-2450 processed in 1.81 seconds | Locations found: 0 | Total locations: 163
2025-02-20 21:13:22,242 - Batch 2450-2500 processed in 0.94 seconds | Locations found: 3 | Total locations: 166
2025-02-20 21:13:23,438 - Batch 2500-2550 processed in 1.20 seconds | Locations found: 6 | Total locations: 172
2025-02-20 21:13:24,621 - Batch 2550-2600 processed in 1.18 seconds | Locations found: 6 | Total locations: 178
2025-02-20 21:13:25,903 - Batch 2600-2650 processed in 1.28 seconds | Locations found: 4 | Total locations: 182
2025-02-20 21:13:26,816 - Batch 2650-2700 processed in 0.91 seconds | Locations found: 3 | Total locations: 185
2025-02-20 21:13:28,177 - Batch 2700-2750 processed in 1.36 seconds | Locations found: 0 | Total locations: 185
2025-02-20 21:13:29,968 - Batch 2750-2800 processed in 1.79 seconds | Locations found: 2 | Total locations: 187
2025-02-20 21:13:31,285 - Batch 2800-2850 processed in 1.32 seconds | Locations found: 6 | Total locations: 193
2025-02-20 21:13:32,925 - Batch 2850-2900 processed in 1.64 seconds | Locations found: 5 | Total locations: 198
2025-02-20 21:13:34,234 - Batch 2900-2950 processed in 1.31 seconds | Locations found: 2 | Total locations: 200
2025-02-20 21:13:35,260 - Batch 2950-3000 processed in 1.03 seconds | Locations found: 3 | Total locations: 203
2025-02-20 21:13:36,351 - Batch 3000-3050 processed in 1.09 seconds | Locations found: 2 | Total locations: 205
2025-02-20 21:13:37,400 - Batch 3050-3100 processed in 1.05 seconds | Locations found: 3 | Total locations: 208
2025-02-20 21:13:39,222 - Batch 3100-3150 processed in 1.82 seconds | Locations found: 6 | Total locations: 214
2025-02-20 21:13:40,773 - Batch 3150-3200 processed in 1.55 seconds | Locations found: 6 | Total locations: 220
2025-02-20 21:13:41,702 - Batch 3200-3250 processed in 0.93 seconds | Locations found: 2 | Total locations: 222
2025-02-20 21:13:43,355 - Batch 3250-3300 processed in 1.65 seconds | Locations found: 3 | Total locations: 225
2025-02-20 21:13:44,609 - Batch 3300-3350 processed in 1.25 seconds | Locations found: 2 | Total locations: 227
2025-02-20 21:13:46,521 - Batch 3350-3400 processed in 1.91 seconds | Locations found: 1 | Total locations: 228
2025-02-20 21:13:47,716 - Batch 3400-3450 processed in 1.20 seconds | Locations found: 3 | Total locations: 231
2025-02-20 21:13:48,722 - Batch 3450-3500 processed in 1.01 seconds | Locations found: 8 | Total locations: 239
2025-02-20 21:13:50,097 - Batch 3500-3550 processed in 1.38 seconds | Locations found: 1 | Total locations: 240
2025-02-20 21:13:51,549 - Batch 3550-3600 processed in 1.45 seconds | Locations found: 2 | Total locations: 242
2025-02-20 21:13:52,411 - Batch 3600-3650 processed in 0.86 seconds | Locations found: 1 | Total locations: 243
2025-02-20 21:13:53,520 - Batch 3650-3700 processed in 1.11 seconds | Locations found: 4 | Total locations: 247
2025-02-20 21:13:54,547 - Batch 3700-3750 processed in 1.03 seconds | Locations found: 2 | Total locations: 249
2025-02-20 21:13:55,700 - Batch 3750-3800 processed in 1.15 seconds | Locations found: 2 | Total locations: 251
2025-02-20 21:13:56,792 - Batch 3800-3850 processed in 1.09 seconds | Locations found: 4 | Total locations: 255
2025-02-20 21:13:59,214 - Batch 3850-3900 processed in 2.42 seconds | Locations found: 3 | Total locations: 258
2025-02-20 21:14:00,778 - Batch 3900-3950 processed in 1.56 seconds | Locations found: 2 | Total locations: 260
2025-02-20 21:14:01,710 - Batch 3950-4000 processed in 0.93 seconds | Locations found: 1 | Total locations: 261
2025-02-20 21:14:02,889 - Batch 4000-4050 processed in 1.18 seconds | Locations found: 4 | Total locations: 265
2025-02-20 21:14:04,129 - Batch 4050-4100 processed in 1.24 seconds | Locations found: 4 | Total locations: 269
2025-02-20 21:14:05,386 - Batch 4100-4150 processed in 1.26 seconds | Locations found: 2 | Total locations: 271
2025-02-20 21:14:06,753 - Batch 4150-4200 processed in 1.37 seconds | Locations found: 5 | Total locations: 276
2025-02-20 21:14:07,918 - Batch 4200-4250 processed in 1.16 seconds | Locations found: 3 | Total locations: 279
2025-02-20 21:14:08,983 - Batch 4250-4300 processed in 1.06 seconds | Locations found: 1 | Total locations: 280
2025-02-20 21:14:10,211 - Batch 4300-4350 processed in 1.23 seconds | Locations found: 4 | Total locations: 284
2025-02-20 21:14:11,456 - Batch 4350-4400 processed in 1.24 seconds | Locations found: 2 | Total locations: 286
2025-02-20 21:14:12,690 - Batch 4400-4450 processed in 1.23 seconds | Locations found: 2 | Total locations: 288
2025-02-20 21:14:14,248 - Batch 4450-4500 processed in 1.56 seconds | Locations found: 5 | Total locations: 293
2025-02-20 21:14:17,400 - Batch 4500-4550 processed in 3.15 seconds | Locations found: 1 | Total locations: 294
2025-02-20 21:14:18,515 - Batch 4550-4600 processed in 1.11 seconds | Locations found: 0 | Total locations: 294
2025-02-20 21:14:19,928 - Batch 4600-4650 processed in 1.41 seconds | Locations found: 3 | Total locations: 297
2025-02-20 21:14:20,939 - Batch 4650-4700 processed in 1.01 seconds | Locations found: 4 | Total locations: 301
2025-02-20 21:14:22,005 - Batch 4700-4750 processed in 1.07 seconds | Locations found: 6 | Total locations: 307
2025-02-20 21:14:23,316 - Batch 4750-4800 processed in 1.31 seconds | Locations found: 4 | Total locations: 311
2025-02-20 21:14:24,341 - Batch 4800-4850 processed in 1.03 seconds | Locations found: 3 | Total locations: 314
2025-02-20 21:14:25,597 - Batch 4850-4900 processed in 1.25 seconds | Locations found: 3 | Total locations: 317
2025-02-20 21:14:28,041 - Batch 4900-4950 processed in 2.44 seconds | Locations found: 5 | Total locations: 322
2025-02-20 21:14:29,447 - Batch 4950-5000 processed in 1.41 seconds | Locations found: 3 | Total locations: 325
2025-02-20 21:14:29,505 - Batch 5000-5004 processed in 0.06 seconds | Locations found: 0 | Total locations: 325
2025-02-20 21:14:29,505 - Completed NLP processing in 139.37 seconds
2025-02-20 21:14:29,543 - Saved JSON files in 0.04 seconds
2025-02-20 21:14:29,543 - Final Statistics:
2025-02-20 21:14:29,543 - Total unique researchers: 1389
2025-02-20 21:14:29,543 - Total unique works (titles) parsed: 4956
2025-02-20 21:14:29,543 - Total unique locations extracted: 146
2025-02-20 21:14:29,543 - Total execution time: 2.35 minutes
2025-02-20 21:17:08,079 - Loaded spaCy model in 1.65 seconds
2025-02-20 21:17:08,080 - Processing file: C:\Users\austi\IdeaProjects\expert-mapping-interface\src\geo\data\csv\expert_profiles.csv
2025-02-20 21:17:10,122 - Batch 0-50 processed in 2.01 seconds | Locations found: 1 | Total locations: 1
2025-02-20 21:17:11,387 - Batch 50-100 processed in 1.26 seconds | Locations found: 2 | Total locations: 3
2025-02-20 21:17:12,810 - Batch 100-150 processed in 1.42 seconds | Locations found: 4 | Total locations: 7
2025-02-20 21:17:13,857 - Batch 150-200 processed in 1.05 seconds | Locations found: 3 | Total locations: 10
2025-02-20 21:17:16,770 - Batch 200-250 processed in 2.91 seconds | Locations found: 4 | Total locations: 14
2025-02-20 21:17:17,840 - Batch 250-300 processed in 1.07 seconds | Locations found: 3 | Total locations: 17
2025-02-20 21:17:19,103 - Batch 300-350 processed in 1.26 seconds | Locations found: 5 | Total locations: 22
2025-02-20 21:17:22,532 - Batch 350-400 processed in 3.43 seconds | Locations found: 4 | Total locations: 26
2025-02-20 21:17:24,396 - Batch 400-450 processed in 1.86 seconds | Locations found: 1 | Total locations: 27
2025-02-20 21:17:25,415 - Batch 450-500 processed in 1.02 seconds | Locations found: 3 | Total locations: 30
2025-02-20 21:17:26,773 - Batch 500-550 processed in 1.36 seconds | Locations found: 3 | Total locations: 33
2025-02-20 21:17:28,339 - Batch 550-600 processed in 1.56 seconds | Locations found: 2 | Total locations: 35
2025-02-20 21:17:29,533 - Batch 600-650 processed in 1.19 seconds | Locations found: 7 | Total locations: 42
2025-02-20 21:17:31,531 - Batch 650-700 processed in 2.00 seconds | Locations found: 0 | Total locations: 42
2025-02-20 21:17:32,774 - Batch 700-750 processed in 1.24 seconds | Locations found: 2 | Total locations: 44
2025-02-20 21:17:34,355 - Batch 750-800 processed in 1.58 seconds | Locations found: 3 | Total locations: 47
2025-02-20 21:17:35,613 - Batch 800-850 processed in 1.26 seconds | Locations found: 3 | Total locations: 50
2025-02-20 21:17:36,645 - Batch 850-900 processed in 1.03 seconds | Locations found: 7 | Total locations: 57
2025-02-20 21:17:38,209 - Batch 900-950 processed in 1.56 seconds | Locations found: 9 | Total locations: 66
2025-02-20 21:17:39,809 - Batch 950-1000 processed in 1.60 seconds | Locations found: 6 | Total locations: 72
2025-02-20 21:17:42,478 - Batch 1000-1050 processed in 2.67 seconds | Locations found: 4 | Total locations: 76
2025-02-20 21:17:43,994 - Batch 1050-1100 processed in 1.52 seconds | Locations found: 4 | Total locations: 80
2025-02-20 21:17:46,498 - Batch 1100-1150 processed in 2.50 seconds | Locations found: 4 | Total locations: 84
2025-02-20 21:17:48,398 - Batch 1150-1200 processed in 1.90 seconds | Locations found: 2 | Total locations: 86
2025-02-20 21:17:49,479 - Batch 1200-1250 processed in 1.08 seconds | Locations found: 1 | Total locations: 87
2025-02-20 21:17:50,687 - Batch 1250-1300 processed in 1.21 seconds | Locations found: 0 | Total locations: 87
2025-02-20 21:17:52,597 - Batch 1300-1350 processed in 1.91 seconds | Locations found: 4 | Total locations: 91
2025-02-20 21:17:54,011 - Batch 1350-1400 processed in 1.41 seconds | Locations found: 1 | Total locations: 92
2025-02-20 21:17:55,951 - Batch 1400-1450 processed in 1.94 seconds | Locations found: 6 | Total locations: 98
2025-02-20 21:17:57,821 - Batch 1450-1500 processed in 1.87 seconds | Locations found: 3 | Total locations: 101
2025-02-20 21:17:58,778 - Batch 1500-1550 processed in 0.96 seconds | Locations found: 4 | Total locations: 105
2025-02-20 21:17:59,793 - Batch 1550-1600 processed in 1.01 seconds | Locations found: 1 | Total locations: 106
2025-02-20 21:18:00,889 - Batch 1600-1650 processed in 1.10 seconds | Locations found: 2 | Total locations: 108
2025-02-20 21:18:02,726 - Batch 1650-1700 processed in 1.84 seconds | Locations found: 1 | Total locations: 109
2025-02-20 21:18:04,633 - Batch 1700-1750 processed in 1.91 seconds | Locations found: 2 | Total locations: 111
2025-02-20 21:18:06,049 - Batch 1750-1800 processed in 1.42 seconds | Locations found: 2 | Total locations: 113
2025-02-20 21:18:07,172 - Batch 1800-1850 processed in 1.12 seconds | Locations found: 5 | Total locations: 118
2025-02-20 21:18:08,789 - Batch 1850-1900 processed in 1.62 seconds | Locations found: 1 | Total locations: 119
2025-02-20 21:18:10,098 - Batch 1900-1950 processed in 1.31 seconds | Locations found: 6 | Total locations: 125
2025-02-20 21:18:11,368 - Batch 1950-2000 processed in 1.27 seconds | Locations found: 6 | Total locations: 131
2025-02-20 21:18:12,658 - Batch 2000-2050 processed in 1.29 seconds | Locations found: 2 | Total locations: 133
2025-02-20 21:18:13,957 - Batch 2050-2100 processed in 1.30 seconds | Locations found: 7 | Total locations: 140
2025-02-20 21:18:15,082 - Batch 2100-2150 processed in 1.12 seconds | Locations found: 5 | Total locations: 145
2025-02-20 21:18:20,911 - Loaded spaCy model in 1.82 seconds
2025-02-20 21:18:20,912 - Processing file: C:\Users\austi\IdeaProjects\expert-mapping-interface\src\geo\data\csv\expert_profiles.csv
2025-02-20 21:18:22,863 - Batch 0-50 processed in 1.92 seconds | Locations found: 1 | Total locations: 1
2025-02-20 21:18:23,897 - Batch 50-100 processed in 1.03 seconds | Locations found: 2 | Total locations: 3
2025-02-20 21:18:25,305 - Batch 100-150 processed in 1.41 seconds | Locations found: 4 | Total locations: 7
2025-02-20 21:18:26,355 - Batch 150-200 processed in 1.05 seconds | Locations found: 3 | Total locations: 10
2025-02-20 21:18:29,283 - Batch 200-250 processed in 2.93 seconds | Locations found: 4 | Total locations: 14
2025-02-20 21:18:30,324 - Batch 250-300 processed in 1.04 seconds | Locations found: 3 | Total locations: 17
2025-02-20 21:18:31,510 - Batch 300-350 processed in 1.19 seconds | Locations found: 5 | Total locations: 22
2025-02-20 21:18:35,024 - Batch 350-400 processed in 3.51 seconds | Locations found: 4 | Total locations: 26
2025-02-20 21:18:36,833 - Batch 400-450 processed in 1.81 seconds | Locations found: 1 | Total locations: 27
2025-02-20 21:18:37,850 - Batch 450-500 processed in 1.02 seconds | Locations found: 3 | Total locations: 30
2025-02-20 21:18:39,229 - Batch 500-550 processed in 1.38 seconds | Locations found: 3 | Total locations: 33
2025-02-20 21:18:40,863 - Batch 550-600 processed in 1.63 seconds | Locations found: 2 | Total locations: 35
2025-02-20 21:18:41,934 - Batch 600-650 processed in 1.07 seconds | Locations found: 7 | Total locations: 42
2025-02-20 21:18:43,880 - Batch 650-700 processed in 1.95 seconds | Locations found: 0 | Total locations: 42
2025-02-20 21:18:45,231 - Batch 700-750 processed in 1.35 seconds | Locations found: 2 | Total locations: 44
2025-02-20 21:18:46,817 - Batch 750-800 processed in 1.59 seconds | Locations found: 3 | Total locations: 47
2025-02-20 21:18:48,071 - Batch 800-850 processed in 1.25 seconds | Locations found: 3 | Total locations: 50
2025-02-20 21:18:49,087 - Batch 850-900 processed in 1.02 seconds | Locations found: 7 | Total locations: 57
2025-02-20 21:18:50,616 - Batch 900-950 processed in 1.53 seconds | Locations found: 9 | Total locations: 66
2025-02-20 21:18:52,183 - Batch 950-1000 processed in 1.57 seconds | Locations found: 6 | Total locations: 72
2025-02-20 21:18:54,883 - Batch 1000-1050 processed in 2.70 seconds | Locations found: 4 | Total locations: 76
2025-02-20 21:18:56,346 - Batch 1050-1100 processed in 1.46 seconds | Locations found: 4 | Total locations: 80
2025-02-20 21:18:58,266 - Batch 1100-1150 processed in 1.92 seconds | Locations found: 4 | Total locations: 84
2025-02-20 21:19:00,116 - Batch 1150-1200 processed in 1.85 seconds | Locations found: 2 | Total locations: 86
2025-02-20 21:19:01,226 - Batch 1200-1250 processed in 1.11 seconds | Locations found: 1 | Total locations: 87
2025-02-20 21:19:02,390 - Batch 1250-1300 processed in 1.16 seconds | Locations found: 0 | Total locations: 87
2025-02-20 21:19:03,786 - Batch 1300-1350 processed in 1.40 seconds | Locations found: 4 | Total locations: 91
2025-02-20 21:19:05,188 - Batch 1350-1400 processed in 1.40 seconds | Locations found: 1 | Total locations: 92
2025-02-20 21:19:06,938 - Batch 1400-1450 processed in 1.75 seconds | Locations found: 6 | Total locations: 98
2025-02-20 21:19:08,501 - Batch 1450-1500 processed in 1.56 seconds | Locations found: 3 | Total locations: 101
2025-02-20 21:19:09,422 - Batch 1500-1550 processed in 0.92 seconds | Locations found: 4 | Total locations: 105
2025-02-20 21:19:10,331 - Batch 1550-1600 processed in 0.91 seconds | Locations found: 1 | Total locations: 106
2025-02-20 21:19:11,304 - Batch 1600-1650 processed in 0.97 seconds | Locations found: 2 | Total locations: 108
2025-02-20 21:19:13,067 - Batch 1650-1700 processed in 1.76 seconds | Locations found: 1 | Total locations: 109
2025-02-20 21:19:14,988 - Batch 1700-1750 processed in 1.92 seconds | Locations found: 2 | Total locations: 111
2025-02-20 21:19:16,361 - Batch 1750-1800 processed in 1.37 seconds | Locations found: 2 | Total locations: 113
2025-02-20 21:19:17,454 - Batch 1800-1850 processed in 1.09 seconds | Locations found: 5 | Total locations: 118
2025-02-20 21:19:19,006 - Batch 1850-1900 processed in 1.55 seconds | Locations found: 1 | Total locations: 119
2025-02-20 21:19:20,375 - Batch 1900-1950 processed in 1.37 seconds | Locations found: 6 | Total locations: 125
2025-02-20 21:19:21,735 - Batch 1950-2000 processed in 1.36 seconds | Locations found: 6 | Total locations: 131
2025-02-20 21:19:22,749 - Batch 2000-2050 processed in 1.01 seconds | Locations found: 2 | Total locations: 133
2025-02-20 21:19:24,006 - Batch 2050-2100 processed in 1.26 seconds | Locations found: 7 | Total locations: 140
2025-02-20 21:19:25,003 - Batch 2100-2150 processed in 1.00 seconds | Locations found: 5 | Total locations: 145
2025-02-20 21:19:26,496 - Batch 2150-2200 processed in 1.49 seconds | Locations found: 3 | Total locations: 148
2025-02-20 21:19:27,742 - Batch 2200-2250 processed in 1.24 seconds | Locations found: 2 | Total locations: 150
2025-02-20 21:19:28,756 - Batch 2250-2300 processed in 1.01 seconds | Locations found: 1 | Total locations: 151
2025-02-20 21:19:29,741 - Batch 2300-2350 processed in 0.98 seconds | Locations found: 6 | Total locations: 157
2025-02-20 21:19:31,349 - Batch 2350-2400 processed in 1.61 seconds | Locations found: 6 | Total locations: 163
2025-02-20 21:19:33,207 - Batch 2400-2450 processed in 1.86 seconds | Locations found: 0 | Total locations: 163
2025-02-20 21:19:34,211 - Batch 2450-2500 processed in 1.00 seconds | Locations found: 3 | Total locations: 166
2025-02-20 21:19:35,426 - Batch 2500-2550 processed in 1.21 seconds | Locations found: 6 | Total locations: 172
2025-02-20 21:19:36,707 - Batch 2550-2600 processed in 1.28 seconds | Locations found: 6 | Total locations: 178
2025-02-20 21:19:38,030 - Batch 2600-2650 processed in 1.32 seconds | Locations found: 4 | Total locations: 182
2025-02-20 21:19:38,972 - Batch 2650-2700 processed in 0.94 seconds | Locations found: 3 | Total locations: 185
2025-02-20 21:19:40,167 - Batch 2700-2750 processed in 1.19 seconds | Locations found: 0 | Total locations: 185
2025-02-20 21:19:41,849 - Batch 2750-2800 processed in 1.68 seconds | Locations found: 2 | Total locations: 187
2025-02-20 21:19:43,167 - Batch 2800-2850 processed in 1.32 seconds | Locations found: 6 | Total locations: 193
2025-02-20 21:19:44,734 - Batch 2850-2900 processed in 1.57 seconds | Locations found: 5 | Total locations: 198
2025-02-20 21:19:46,008 - Batch 2900-2950 processed in 1.27 seconds | Locations found: 2 | Total locations: 200
2025-02-20 21:19:46,995 - Batch 2950-3000 processed in 0.99 seconds | Locations found: 3 | Total locations: 203
2025-02-20 21:19:48,142 - Batch 3000-3050 processed in 1.15 seconds | Locations found: 2 | Total locations: 205
2025-02-20 21:19:49,275 - Batch 3050-3100 processed in 1.13 seconds | Locations found: 3 | Total locations: 208
2025-02-20 21:19:51,097 - Batch 3100-3150 processed in 1.82 seconds | Locations found: 6 | Total locations: 214
2025-02-20 21:19:52,755 - Batch 3150-3200 processed in 1.66 seconds | Locations found: 6 | Total locations: 220
2025-02-20 21:19:53,732 - Batch 3200-3250 processed in 0.98 seconds | Locations found: 2 | Total locations: 222
2025-02-20 21:19:55,254 - Batch 3250-3300 processed in 1.52 seconds | Locations found: 3 | Total locations: 225
2025-02-20 21:19:56,372 - Batch 3300-3350 processed in 1.12 seconds | Locations found: 2 | Total locations: 227
2025-02-20 21:19:58,377 - Batch 3350-3400 processed in 2.01 seconds | Locations found: 1 | Total locations: 228
2025-02-20 21:19:59,717 - Batch 3400-3450 processed in 1.34 seconds | Locations found: 3 | Total locations: 231
2025-02-20 21:20:00,810 - Batch 3450-3500 processed in 1.09 seconds | Locations found: 8 | Total locations: 239
2025-02-20 21:20:02,251 - Batch 3500-3550 processed in 1.44 seconds | Locations found: 1 | Total locations: 240
2025-02-20 21:20:03,856 - Batch 3550-3600 processed in 1.60 seconds | Locations found: 2 | Total locations: 242
2025-02-20 21:20:04,813 - Batch 3600-3650 processed in 0.96 seconds | Locations found: 1 | Total locations: 243
2025-02-20 21:20:06,288 - Batch 3650-3700 processed in 1.48 seconds | Locations found: 4 | Total locations: 247
2025-02-20 21:20:07,438 - Batch 3700-3750 processed in 1.15 seconds | Locations found: 2 | Total locations: 249
2025-02-20 21:20:08,755 - Batch 3750-3800 processed in 1.32 seconds | Locations found: 2 | Total locations: 251
2025-02-20 21:20:09,939 - Batch 3800-3850 processed in 1.18 seconds | Locations found: 4 | Total locations: 255
2025-02-20 21:20:12,485 - Batch 3850-3900 processed in 2.55 seconds | Locations found: 3 | Total locations: 258
2025-02-20 21:20:14,041 - Batch 3900-3950 processed in 1.56 seconds | Locations found: 2 | Total locations: 260
2025-02-20 21:20:15,001 - Batch 3950-4000 processed in 0.96 seconds | Locations found: 1 | Total locations: 261
2025-02-20 21:20:16,236 - Batch 4000-4050 processed in 1.24 seconds | Locations found: 4 | Total locations: 265
2025-02-20 21:20:17,478 - Batch 4050-4100 processed in 1.24 seconds | Locations found: 4 | Total locations: 269
2025-02-20 21:20:18,732 - Batch 4100-4150 processed in 1.25 seconds | Locations found: 2 | Total locations: 271
2025-02-20 21:20:20,130 - Batch 4150-4200 processed in 1.40 seconds | Locations found: 5 | Total locations: 276
2025-02-20 21:20:21,331 - Batch 4200-4250 processed in 1.20 seconds | Locations found: 3 | Total locations: 279
2025-02-20 21:20:22,488 - Batch 4250-4300 processed in 1.16 seconds | Locations found: 1 | Total locations: 280
2025-02-20 21:20:23,768 - Batch 4300-4350 processed in 1.28 seconds | Locations found: 4 | Total locations: 284
2025-02-20 21:20:25,193 - Batch 4350-4400 processed in 1.42 seconds | Locations found: 2 | Total locations: 286
2025-02-20 21:20:26,432 - Batch 4400-4450 processed in 1.24 seconds | Locations found: 2 | Total locations: 288
2025-02-20 21:20:28,025 - Batch 4450-4500 processed in 1.59 seconds | Locations found: 5 | Total locations: 293
2025-02-20 21:20:31,209 - Batch 4500-4550 processed in 3.18 seconds | Locations found: 1 | Total locations: 294
2025-02-20 21:20:32,323 - Batch 4550-4600 processed in 1.11 seconds | Locations found: 0 | Total locations: 294
2025-02-20 21:20:33,713 - Batch 4600-4650 processed in 1.39 seconds | Locations found: 3 | Total locations: 297
2025-02-20 21:20:34,737 - Batch 4650-4700 processed in 1.02 seconds | Locations found: 4 | Total locations: 301
2025-02-20 21:20:35,841 - Batch 4700-4750 processed in 1.10 seconds | Locations found: 6 | Total locations: 307
2025-02-20 21:20:37,134 - Batch 4750-4800 processed in 1.29 seconds | Locations found: 4 | Total locations: 311
2025-02-20 21:20:38,128 - Batch 4800-4850 processed in 0.99 seconds | Locations found: 3 | Total locations: 314
2025-02-20 21:20:39,415 - Batch 4850-4900 processed in 1.29 seconds | Locations found: 3 | Total locations: 317
2025-02-20 21:20:42,011 - Batch 4900-4950 processed in 2.60 seconds | Locations found: 5 | Total locations: 322
2025-02-20 21:20:43,493 - Batch 4950-5000 processed in 1.48 seconds | Locations found: 3 | Total locations: 325
2025-02-20 21:20:43,550 - Batch 5000-5004 processed in 0.06 seconds | Locations found: 0 | Total locations: 325
2025-02-20 21:20:43,550 - Completed NLP processing in 142.61 seconds
2025-02-20 21:20:43,625 - Saved JSON files in 0.07 seconds
2025-02-20 21:20:43,625 - Final Statistics:
2025-02-20 21:20:43,625 - Total unique researchers: 1389
2025-02-20 21:20:43,625 - Total unique works (titles) parsed: 4956
2025-02-20 21:20:43,626 - Total unique locations extracted: 147
2025-02-20 21:20:43,626 - Total execution time: 2.41 minutes
